# JRE version: Java(TM) SE Runtime Environment (8.0_201-b09) (build 1.8.0_201-b09)
# Java VM: Java HotSpot(TM) 64-Bit Server VM (25.201-b09 mixed mode windows-amd64 compressed oops)
Heap:
 PSYoungGen      total 629248K, used 52554K [0x00000000d6500000, 0x00000000ffd00000, 0x0000000100000000)
  eden space 589824K, 8% used [0x00000000d6500000,0x00000000d98529b0,0x00000000fa500000)
  from space 39424K, 0% used [0x00000000fca80000,0x00000000fca80000,0x00000000ff100000)
  to   space 38400K, 0% used [0x00000000fa500000,0x00000000fa500000,0x00000000fca80000)
 ParOldGen       total 142336K, used 44738K [0x0000000082e00000, 0x000000008b900000, 0x00000000d6500000)
  object space 142336K, 31% used [0x0000000082e00000,0x00000000859b0a98,0x000000008b900000)
 Metaspace       used 55505K, capacity 58066K, committed 58368K, reserved 1099776K
  class space    used 7059K, capacity 7539K, committed 7552K, reserved 1048576K
GC Heap History (10 events):
Event: 113.823 GC heap before
{Heap before GC invocations=13 (full 2):
 PSYoungGen      total 351744K, used 13820K [0x00000000d6500000, 0x00000000f8180000, 0x0000000100000000)
  eden space 337920K, 0% used [0x00000000d6500000,0x00000000d6500000,0x00000000eaf00000)
  from space 13824K, 99% used [0x00000000eaf00000,0x00000000ebc7f3c0,0x00000000ebc80000)
  to   space 33280K, 0% used [0x00000000f6100000,0x00000000f6100000,0x00000000f8180000)
 ParOldGen       total 65536K, used 65195K [0x0000000082e00000, 0x0000000086e00000, 0x00000000d6500000)
  object space 65536K, 99% used [0x0000000082e00000,0x0000000086daaf90,0x0000000086e00000)
 Metaspace       used 32827K, capacity 34072K, committed 34176K, reserved 1079296K
  class space    used 4119K, capacity 4406K, committed 4480K, reserved 1048576K
Event: 115.342 GC heap after
Heap after GC invocations=13 (full 2):
 PSYoungGen      total 351744K, used 1430K [0x00000000d6500000, 0x00000000f8180000, 0x0000000100000000)
  eden space 337920K, 0% used [0x00000000d6500000,0x00000000d6500000,0x00000000eaf00000)
  from space 13824K, 10% used [0x00000000eaf00000,0x00000000eb065968,0x00000000ebc80000)
  to   space 33280K, 0% used [0x00000000f6100000,0x00000000f6100000,0x00000000f8180000)
 ParOldGen       total 145408K, used 65270K [0x0000000082e00000, 0x000000008bc00000, 0x00000000d6500000)
  object space 145408K, 44% used [0x0000000082e00000,0x0000000086dbdb58,0x000000008bc00000)
 Metaspace       used 32827K, capacity 34072K, committed 34176K, reserved 1079296K
  class space    used 4119K, capacity 4406K, committed 4480K, reserved 1048576K
}
Event: 130.033 GC heap before
{Heap before GC invocations=14 (full 2):
 PSYoungGen      total 351744K, used 339350K [0x00000000d6500000, 0x00000000f8180000, 0x0000000100000000)
  eden space 337920K, 100% used [0x00000000d6500000,0x00000000eaf00000,0x00000000eaf00000)
  from space 13824K, 10% used [0x00000000eaf00000,0x00000000eb065968,0x00000000ebc80000)
  to   space 33280K, 0% used [0x00000000f6100000,0x00000000f6100000,0x00000000f8180000)
 ParOldGen       total 145408K, used 65270K [0x0000000082e00000, 0x000000008bc00000, 0x00000000d6500000)
  object space 145408K, 44% used [0x0000000082e00000,0x0000000086dbdb58,0x000000008bc00000)
 Metaspace       used 35224K, capacity 36650K, committed 36864K, reserved 1081344K
  class space    used 4496K, capacity 4789K, committed 4864K, reserved 1048576K
Event: 130.537 GC heap after
Heap after GC invocations=14 (full 2):
 PSYoungGen      total 484864K, used 33254K [0x00000000d6500000, 0x00000000f8180000, 0x0000000100000000)
  eden space 451584K, 0% used [0x00000000d6500000,0x00000000d6500000,0x00000000f1e00000)
  from space 33280K, 99% used [0x00000000f6100000,0x00000000f8179a50,0x00000000f8180000)
  to   space 40448K, 0% used [0x00000000f3280000,0x00000000f3280000,0x00000000f5a00000)
 ParOldGen       total 145408K, used 70547K [0x0000000082e00000, 0x000000008bc00000, 0x00000000d6500000)
  object space 145408K, 48% used [0x0000000082e00000,0x00000000872e4c48,0x000000008bc00000)
 Metaspace       used 35224K, capacity 36650K, committed 36864K, reserved 1081344K
  class space    used 4496K, capacity 4789K, committed 4864K, reserved 1048576K
}
Event: 155.384 GC heap before
{Heap before GC invocations=15 (full 2):
 PSYoungGen      total 484864K, used 484838K [0x00000000d6500000, 0x00000000f8180000, 0x0000000100000000)
  eden space 451584K, 100% used [0x00000000d6500000,0x00000000f1e00000,0x00000000f1e00000)
  from space 33280K, 99% used [0x00000000f6100000,0x00000000f8179a50,0x00000000f8180000)
  to   space 40448K, 0% used [0x00000000f3280000,0x00000000f3280000,0x00000000f5a00000)
 ParOldGen       total 145408K, used 70547K [0x0000000082e00000, 0x000000008bc00000, 0x00000000d6500000)
  object space 145408K, 48% used [0x0000000082e00000,0x00000000872e4c48,0x000000008bc00000)
 Metaspace       used 46088K, capacity 48368K, committed 48512K, reserved 1091584K
  class space    used 5981K, capacity 6426K, committed 6528K, reserved 1048576K
Event: 155.478 GC heap after
Heap after GC invocations=15 (full 2):
 PSYoungGen      total 513024K, used 19495K [0x00000000d6500000, 0x00000000ff100000, 0x0000000100000000)
  eden space 472576K, 0% used [0x00000000d6500000,0x00000000d6500000,0x00000000f3280000)
  from space 40448K, 48% used [0x00000000f3280000,0x00000000f4589df0,0x00000000f5a00000)
  to   space 39424K, 0% used [0x00000000fca80000,0x00000000fca80000,0x00000000ff100000)
 ParOldGen       total 145408K, used 75111K [0x0000000082e00000, 0x000000008bc00000, 0x00000000d6500000)
  object space 145408K, 51% used [0x0000000082e00000,0x0000000087759cd0,0x000000008bc00000)
 Metaspace       used 46088K, capacity 48368K, committed 48512K, reserved 1091584K
  class space    used 5981K, capacity 6426K, committed 6528K, reserved 1048576K
}
Event: 206.936 GC heap before
{Heap before GC invocations=16 (full 2):
 PSYoungGen      total 513024K, used 367374K [0x00000000d6500000, 0x00000000ff100000, 0x0000000100000000)
  eden space 472576K, 73% used [0x00000000d6500000,0x00000000eb8b9ca8,0x00000000f3280000)
  from space 40448K, 48% used [0x00000000f3280000,0x00000000f4589df0,0x00000000f5a00000)
  to   space 39424K, 0% used [0x00000000fca80000,0x00000000fca80000,0x00000000ff100000)
 ParOldGen       total 145408K, used 75111K [0x0000000082e00000, 0x000000008bc00000, 0x00000000d6500000)
  object space 145408K, 51% used [0x0000000082e00000,0x0000000087759cd0,0x000000008bc00000)
 Metaspace       used 54287K, capacity 56828K, committed 56960K, reserved 1099776K
  class space    used 6880K, capacity 7378K, committed 7424K, reserved 1048576K
Event: 208.391 GC heap after
Heap after GC invocations=16 (full 2):
 PSYoungGen      total 629248K, used 9151K [0x00000000d6500000, 0x00000000ffd00000, 0x0000000100000000)
  eden space 589824K, 0% used [0x00000000d6500000,0x00000000d6500000,0x00000000fa500000)
  from space 39424K, 23% used [0x00000000fca80000,0x00000000fd36fd50,0x00000000ff100000)
  to   space 38400K, 0% used [0x00000000fa500000,0x00000000fa500000,0x00000000fca80000)
 ParOldGen       total 145408K, used 85632K [0x0000000082e00000, 0x000000008bc00000, 0x00000000d6500000)
  object space 145408K, 58% used [0x0000000082e00000,0x00000000881a0168,0x000000008bc00000)
 Metaspace       used 54287K, capacity 56828K, committed 56960K, reserved 1099776K
  class space    used 6880K, capacity 7378K, committed 7424K, reserved 1048576K
}
Event: 208.393 GC heap before
{Heap before GC invocations=17 (full 3):
 PSYoungGen      total 629248K, used 9151K [0x00000000d6500000, 0x00000000ffd00000, 0x0000000100000000)
  eden space 589824K, 0% used [0x00000000d6500000,0x00000000d6500000,0x00000000fa500000)
  from space 39424K, 23% used [0x00000000fca80000,0x00000000fd36fd50,0x00000000ff100000)
  to   space 38400K, 0% used [0x00000000fa500000,0x00000000fa500000,0x00000000fca80000)
 ParOldGen       total 145408K, used 85632K [0x0000000082e00000, 0x000000008bc00000, 0x00000000d6500000)
  object space 145408K, 58% used [0x0000000082e00000,0x00000000881a0168,0x000000008bc00000)
 Metaspace       used 54287K, capacity 56828K, committed 56960K, reserved 1099776K
  class space    used 6880K, capacity 7378K, committed 7424K, reserved 1048576K
Event: 211.540 GC heap after
Heap after GC invocations=17 (full 3):
 PSYoungGen      total 629248K, used 0K [0x00000000d6500000, 0x00000000ffd00000, 0x0000000100000000)
  eden space 589824K, 0% used [0x00000000d6500000,0x00000000d6500000,0x00000000fa500000)
  from space 39424K, 0% used [0x00000000fca80000,0x00000000fca80000,0x00000000ff100000)
  to   space 38400K, 0% used [0x00000000fa500000,0x00000000fa500000,0x00000000fca80000)
 ParOldGen       total 142336K, used 44738K [0x0000000082e00000, 0x000000008b900000, 0x00000000d6500000)
  object space 142336K, 31% used [0x0000000082e00000,0x00000000859b0a98,0x000000008b900000)
 Metaspace       used 54231K, capacity 56738K, committed 56960K, reserved 1099776K
  class space    used 6872K, capacity 7363K, committed 7424K, reserved 1048576K
}

