# JRE version: Java(TM) SE Runtime Environment (8.0_201-b09) (build 1.8.0_201-b09)
# Java VM: Java HotSpot(TM) 64-Bit Server VM (25.201-b09 mixed mode windows-amd64 compressed oops)
Heap:
 PSYoungGen      total 485376K, used 302189K [0x00000000d6500000, 0x00000000fdf00000, 0x0000000100000000)
  eden space 443904K, 63% used [0x00000000d6500000,0x00000000e79fe400,0x00000000f1680000)
  from space 41472K, 44% used [0x00000000f1680000,0x00000000f289d380,0x00000000f3f00000)
  to   space 39936K, 0% used [0x00000000fb800000,0x00000000fb800000,0x00000000fdf00000)
 ParOldGen       total 138752K, used 74511K [0x0000000082e00000, 0x000000008b580000, 0x00000000d6500000)
  object space 138752K, 53% used [0x0000000082e00000,0x00000000876c3db8,0x000000008b580000)
 Metaspace       used 51894K, capacity 54328K, committed 54528K, reserved 1097728K
  class space    used 6684K, capacity 7142K, committed 7168K, reserved 1048576K
GC Heap History (10 events):
Event: 98.818 GC heap before
{Heap before GC invocations=11 (full 1):
 PSYoungGen      total 268800K, used 268795K [0x00000000d6500000, 0x00000000eba00000, 0x0000000100000000)
  eden space 258560K, 100% used [0x00000000d6500000,0x00000000e6180000,0x00000000e6180000)
  from space 10240K, 99% used [0x00000000e6180000,0x00000000e6b7ed60,0x00000000e6b80000)
  to   space 11776K, 0% used [0x00000000eae80000,0x00000000eae80000,0x00000000eba00000)
 ParOldGen       total 55808K, used 12858K [0x0000000082e00000, 0x0000000086480000, 0x00000000d6500000)
  object space 55808K, 23% used [0x0000000082e00000,0x0000000083a8e8f8,0x0000000086480000)
 Metaspace       used 32610K, capacity 33942K, committed 34048K, reserved 1079296K
  class space    used 4060K, capacity 4343K, committed 4352K, reserved 1048576K
Event: 98.847 GC heap after
Heap after GC invocations=11 (full 1):
 PSYoungGen      total 334848K, used 11767K [0x00000000d6500000, 0x00000000ee080000, 0x0000000100000000)
  eden space 323072K, 0% used [0x00000000d6500000,0x00000000d6500000,0x00000000ea080000)
  from space 11776K, 99% used [0x00000000eae80000,0x00000000eb9fdc58,0x00000000eba00000)
  to   space 14336K, 0% used [0x00000000ea080000,0x00000000ea080000,0x00000000eae80000)
 ParOldGen       total 55808K, used 16062K [0x0000000082e00000, 0x0000000086480000, 0x00000000d6500000)
  object space 55808K, 28% used [0x0000000082e00000,0x0000000083dafa68,0x0000000086480000)
 Metaspace       used 32610K, capacity 33942K, committed 34048K, reserved 1079296K
  class space    used 4060K, capacity 4343K, committed 4352K, reserved 1048576K
}
Event: 113.842 GC heap before
{Heap before GC invocations=12 (full 1):
 PSYoungGen      total 334848K, used 334839K [0x00000000d6500000, 0x00000000ee080000, 0x0000000100000000)
  eden space 323072K, 100% used [0x00000000d6500000,0x00000000ea080000,0x00000000ea080000)
  from space 11776K, 99% used [0x00000000eae80000,0x00000000eb9fdc58,0x00000000eba00000)
  to   space 14336K, 0% used [0x00000000ea080000,0x00000000ea080000,0x00000000eae80000)
 ParOldGen       total 55808K, used 16062K [0x0000000082e00000, 0x0000000086480000, 0x00000000d6500000)
  object space 55808K, 28% used [0x0000000082e00000,0x0000000083dafa68,0x0000000086480000)
 Metaspace       used 32757K, capacity 34044K, committed 34176K, reserved 1079296K
  class space    used 4105K, capacity 4376K, committed 4480K, reserved 1048576K
Event: 114.257 GC heap after
Heap after GC invocations=12 (full 1):
 PSYoungGen      total 337408K, used 14309K [0x00000000d6500000, 0x00000000f6780000, 0x0000000100000000)
  eden space 323072K, 0% used [0x00000000d6500000,0x00000000d6500000,0x00000000ea080000)
  from space 14336K, 99% used [0x00000000ea080000,0x00000000eae79478,0x00000000eae80000)
  to   space 32768K, 0% used [0x00000000f4780000,0x00000000f4780000,0x00000000f6780000)
 ParOldGen       total 61440K, used 61045K [0x0000000082e00000, 0x0000000086a00000, 0x00000000d6500000)
  object space 61440K, 99% used [0x0000000082e00000,0x000000008699d670,0x0000000086a00000)
 Metaspace       used 32757K, capacity 34044K, committed 34176K, reserved 1079296K
  class space    used 4105K, capacity 4376K, committed 4480K, reserved 1048576K
}
Event: 114.257 GC heap before
{Heap before GC invocations=13 (full 2):
 PSYoungGen      total 337408K, used 14309K [0x00000000d6500000, 0x00000000f6780000, 0x0000000100000000)
  eden space 323072K, 0% used [0x00000000d6500000,0x00000000d6500000,0x00000000ea080000)
  from space 14336K, 99% used [0x00000000ea080000,0x00000000eae79478,0x00000000eae80000)
  to   space 32768K, 0% used [0x00000000f4780000,0x00000000f4780000,0x00000000f6780000)
 ParOldGen       total 61440K, used 61045K [0x0000000082e00000, 0x0000000086a00000, 0x00000000d6500000)
  object space 61440K, 99% used [0x0000000082e00000,0x000000008699d670,0x0000000086a00000)
 Metaspace       used 32757K, capacity 34044K, committed 34176K, reserved 1079296K
  class space    used 4105K, capacity 4376K, committed 4480K, reserved 1048576K
Event: 115.430 GC heap after
Heap after GC invocations=13 (full 2):
 PSYoungGen      total 337408K, used 2896K [0x00000000d6500000, 0x00000000f6780000, 0x0000000100000000)
  eden space 323072K, 0% used [0x00000000d6500000,0x00000000d6500000,0x00000000ea080000)
  from space 14336K, 20% used [0x00000000ea080000,0x00000000ea354078,0x00000000eae80000)
  to   space 32768K, 0% used [0x00000000f4780000,0x00000000f4780000,0x00000000f6780000)
 ParOldGen       total 138752K, used 61282K [0x0000000082e00000, 0x000000008b580000, 0x00000000d6500000)
  object space 138752K, 44% used [0x0000000082e00000,0x00000000869d89e0,0x000000008b580000)
 Metaspace       used 32757K, capacity 34044K, committed 34176K, reserved 1079296K
  class space    used 4105K, capacity 4376K, committed 4480K, reserved 1048576K
}
Event: 130.130 GC heap before
{Heap before GC invocations=14 (full 2):
 PSYoungGen      total 337408K, used 325968K [0x00000000d6500000, 0x00000000f6780000, 0x0000000100000000)
  eden space 323072K, 100% used [0x00000000d6500000,0x00000000ea080000,0x00000000ea080000)
  from space 14336K, 20% used [0x00000000ea080000,0x00000000ea354078,0x00000000eae80000)
  to   space 32768K, 0% used [0x00000000f4780000,0x00000000f4780000,0x00000000f6780000)
 ParOldGen       total 138752K, used 61282K [0x0000000082e00000, 0x000000008b580000, 0x00000000d6500000)
  object space 138752K, 44% used [0x0000000082e00000,0x00000000869d89e0,0x000000008b580000)
 Metaspace       used 34716K, capacity 36160K, committed 36224K, reserved 1081344K
  class space    used 4411K, capacity 4692K, committed 4736K, reserved 1048576K
Event: 130.257 GC heap after
Heap after GC invocations=14 (full 2):
 PSYoungGen      total 460800K, used 32739K [0x00000000d6500000, 0x00000000f6780000, 0x0000000100000000)
  eden space 428032K, 0% used [0x00000000d6500000,0x00000000d6500000,0x00000000f0700000)
  from space 32768K, 99% used [0x00000000f4780000,0x00000000f6778c98,0x00000000f6780000)
  to   space 41472K, 0% used [0x00000000f1680000,0x00000000f1680000,0x00000000f3f00000)
 ParOldGen       total 138752K, used 70075K [0x0000000082e00000, 0x000000008b580000, 0x00000000d6500000)
  object space 138752K, 50% used [0x0000000082e00000,0x000000008726ed88,0x000000008b580000)
 Metaspace       used 34716K, capacity 36160K, committed 36224K, reserved 1081344K
  class space    used 4411K, capacity 4692K, committed 4736K, reserved 1048576K
}
Event: 153.984 GC heap before
{Heap before GC invocations=15 (full 2):
 PSYoungGen      total 460800K, used 460771K [0x00000000d6500000, 0x00000000f6780000, 0x0000000100000000)
  eden space 428032K, 100% used [0x00000000d6500000,0x00000000f0700000,0x00000000f0700000)
  from space 32768K, 99% used [0x00000000f4780000,0x00000000f6778c98,0x00000000f6780000)
  to   space 41472K, 0% used [0x00000000f1680000,0x00000000f1680000,0x00000000f3f00000)
 ParOldGen       total 138752K, used 70075K [0x0000000082e00000, 0x000000008b580000, 0x00000000d6500000)
  object space 138752K, 50% used [0x0000000082e00000,0x000000008726ed88,0x000000008b580000)
 Metaspace       used 44517K, capacity 46496K, committed 46592K, reserved 1089536K
  class space    used 5720K, capacity 6096K, committed 6144K, reserved 1048576K
Event: 154.359 GC heap after
Heap after GC invocations=15 (full 2):
 PSYoungGen      total 485376K, used 18548K [0x00000000d6500000, 0x00000000fdf00000, 0x0000000100000000)
  eden space 443904K, 0% used [0x00000000d6500000,0x00000000d6500000,0x00000000f1680000)
  from space 41472K, 44% used [0x00000000f1680000,0x00000000f289d380,0x00000000f3f00000)
  to   space 39936K, 0% used [0x00000000fb800000,0x00000000fb800000,0x00000000fdf00000)
 ParOldGen       total 138752K, used 74511K [0x0000000082e00000, 0x000000008b580000, 0x00000000d6500000)
  object space 138752K, 53% used [0x0000000082e00000,0x00000000876c3db8,0x000000008b580000)
 Metaspace       used 44517K, capacity 46496K, committed 46592K, reserved 1089536K
  class space    used 5720K, capacity 6096K, committed 6144K, reserved 1048576K
}

