# JRE version: Java(TM) SE Runtime Environment (8.0_201-b09) (build 1.8.0_201-b09)
# Java VM: Java HotSpot(TM) 64-Bit Server VM (25.201-b09 mixed mode windows-amd64 compressed oops)
Heap:
 PSYoungGen      total 380928K, used 93883K [0x00000000d6500000, 0x00000000ef380000, 0x0000000100000000)
  eden space 371200K, 25% used [0x00000000d6500000,0x00000000dc0aed40,0x00000000ecf80000)
  from space 9728K, 0% used [0x00000000eea00000,0x00000000eea00000,0x00000000ef380000)
  to   space 16896K, 0% used [0x00000000ed280000,0x00000000ed280000,0x00000000ee300000)
 ParOldGen       total 116224K, used 31651K [0x0000000082e00000, 0x0000000089f80000, 0x00000000d6500000)
  object space 116224K, 27% used [0x0000000082e00000,0x0000000084ce8ed0,0x0000000089f80000)
 Metaspace       used 59104K, capacity 61982K, committed 62080K, reserved 1103872K
  class space    used 7824K, capacity 8306K, committed 8320K, reserved 1048576K
GC Heap History (10 events):
Event: 28.838 GC heap before
{Heap before GC invocations=11 (full 2):
 PSYoungGen      total 223232K, used 9232K [0x00000000d6500000, 0x00000000e9480000, 0x0000000100000000)
  eden space 212480K, 0% used [0x00000000d6500000,0x00000000d6500000,0x00000000e3480000)
  from space 10752K, 85% used [0x00000000e3480000,0x00000000e3d84348,0x00000000e3f00000)
  to   space 10752K, 0% used [0x00000000e8a00000,0x00000000e8a00000,0x00000000e9480000)
 ParOldGen       total 54784K, used 7197K [0x0000000082e00000, 0x0000000086380000, 0x00000000d6500000)
  object space 54784K, 13% used [0x0000000082e00000,0x00000000835076c8,0x0000000086380000)
 Metaspace       used 34168K, capacity 35420K, committed 35496K, reserved 1081344K
  class space    used 4333K, capacity 4601K, committed 4608K, reserved 1048576K
Event: 29.100 GC heap after
Heap after GC invocations=11 (full 2):
 PSYoungGen      total 223232K, used 0K [0x00000000d6500000, 0x00000000e9480000, 0x0000000100000000)
  eden space 212480K, 0% used [0x00000000d6500000,0x00000000d6500000,0x00000000e3480000)
  from space 10752K, 0% used [0x00000000e3480000,0x00000000e3480000,0x00000000e3f00000)
  to   space 10752K, 0% used [0x00000000e8a00000,0x00000000e8a00000,0x00000000e9480000)
 ParOldGen       total 76288K, used 13938K [0x0000000082e00000, 0x0000000087880000, 0x00000000d6500000)
  object space 76288K, 18% used [0x0000000082e00000,0x0000000083b9c8b8,0x0000000087880000)
 Metaspace       used 34168K, capacity 35420K, committed 35496K, reserved 1081344K
  class space    used 4333K, capacity 4601K, committed 4608K, reserved 1048576K
}
Event: 34.533 GC heap before
{Heap before GC invocations=12 (full 2):
 PSYoungGen      total 223232K, used 212480K [0x00000000d6500000, 0x00000000e9480000, 0x0000000100000000)
  eden space 212480K, 100% used [0x00000000d6500000,0x00000000e3480000,0x00000000e3480000)
  from space 10752K, 0% used [0x00000000e3480000,0x00000000e3480000,0x00000000e3f00000)
  to   space 10752K, 0% used [0x00000000e8a00000,0x00000000e8a00000,0x00000000e9480000)
 ParOldGen       total 76288K, used 13938K [0x0000000082e00000, 0x0000000087880000, 0x00000000d6500000)
  object space 76288K, 18% used [0x0000000082e00000,0x0000000083b9c8b8,0x0000000087880000)
 Metaspace       used 40960K, capacity 42952K, committed 43264K, reserved 1087488K
  class space    used 5225K, capacity 5591K, committed 5632K, reserved 1048576K
Event: 34.558 GC heap after
Heap after GC invocations=12 (full 2):
 PSYoungGen      total 297984K, used 10750K [0x00000000d6500000, 0x00000000e9800000, 0x0000000100000000)
  eden space 287232K, 0% used [0x00000000d6500000,0x00000000d6500000,0x00000000e7d80000)
  from space 10752K, 99% used [0x00000000e8a00000,0x00000000e947fa20,0x00000000e9480000)
  to   space 12800K, 0% used [0x00000000e7d80000,0x00000000e7d80000,0x00000000e8a00000)
 ParOldGen       total 76288K, used 16304K [0x0000000082e00000, 0x0000000087880000, 0x00000000d6500000)
  object space 76288K, 21% used [0x0000000082e00000,0x0000000083dec330,0x0000000087880000)
 Metaspace       used 40960K, capacity 42952K, committed 43264K, reserved 1087488K
  class space    used 5225K, capacity 5591K, committed 5632K, reserved 1048576K
}
Event: 46.257 GC heap before
{Heap before GC invocations=13 (full 2):
 PSYoungGen      total 297984K, used 297982K [0x00000000d6500000, 0x00000000e9800000, 0x0000000100000000)
  eden space 287232K, 100% used [0x00000000d6500000,0x00000000e7d80000,0x00000000e7d80000)
  from space 10752K, 99% used [0x00000000e8a00000,0x00000000e947fa20,0x00000000e9480000)
  to   space 12800K, 0% used [0x00000000e7d80000,0x00000000e7d80000,0x00000000e8a00000)
 ParOldGen       total 76288K, used 16304K [0x0000000082e00000, 0x0000000087880000, 0x00000000d6500000)
  object space 76288K, 21% used [0x0000000082e00000,0x0000000083dec330,0x0000000087880000)
 Metaspace       used 50779K, capacity 52970K, committed 53376K, reserved 1095680K
  class space    used 6573K, capacity 6978K, committed 7040K, reserved 1048576K
Event: 46.307 GC heap after
Heap after GC invocations=13 (full 2):
 PSYoungGen      total 300032K, used 12784K [0x00000000d6500000, 0x00000000efb00000, 0x0000000100000000)
  eden space 287232K, 0% used [0x00000000d6500000,0x00000000d6500000,0x00000000e7d80000)
  from space 12800K, 99% used [0x00000000e7d80000,0x00000000e89fc098,0x00000000e8a00000)
  to   space 17408K, 0% used [0x00000000eea00000,0x00000000eea00000,0x00000000efb00000)
 ParOldGen       total 76288K, used 26039K [0x0000000082e00000, 0x0000000087880000, 0x00000000d6500000)
  object space 76288K, 34% used [0x0000000082e00000,0x000000008476dc70,0x0000000087880000)
 Metaspace       used 50779K, capacity 52970K, committed 53376K, reserved 1095680K
  class space    used 6573K, capacity 6978K, committed 7040K, reserved 1048576K
}
Event: 54.392 GC heap before
{Heap before GC invocations=14 (full 2):
 PSYoungGen      total 300032K, used 194408K [0x00000000d6500000, 0x00000000efb00000, 0x0000000100000000)
  eden space 287232K, 63% used [0x00000000d6500000,0x00000000e165e300,0x00000000e7d80000)
  from space 12800K, 99% used [0x00000000e7d80000,0x00000000e89fc098,0x00000000e8a00000)
  to   space 17408K, 0% used [0x00000000eea00000,0x00000000eea00000,0x00000000efb00000)
 ParOldGen       total 76288K, used 26039K [0x0000000082e00000, 0x0000000087880000, 0x00000000d6500000)
  object space 76288K, 34% used [0x0000000082e00000,0x000000008476dc70,0x0000000087880000)
 Metaspace       used 56321K, capacity 59072K, committed 59136K, reserved 1099776K
  class space    used 7452K, capacity 7911K, committed 7936K, reserved 1048576K
Event: 54.419 GC heap after
Heap after GC invocations=14 (full 2):
 PSYoungGen      total 380928K, used 9638K [0x00000000d6500000, 0x00000000ef380000, 0x0000000100000000)
  eden space 371200K, 0% used [0x00000000d6500000,0x00000000d6500000,0x00000000ecf80000)
  from space 9728K, 99% used [0x00000000eea00000,0x00000000ef369868,0x00000000ef380000)
  to   space 16896K, 0% used [0x00000000ed280000,0x00000000ed280000,0x00000000ee300000)
 ParOldGen       total 76288K, used 31088K [0x0000000082e00000, 0x0000000087880000, 0x00000000d6500000)
  object space 76288K, 40% used [0x0000000082e00000,0x0000000084c5c330,0x0000000087880000)
 Metaspace       used 56321K, capacity 59072K, committed 59136K, reserved 1099776K
  class space    used 7452K, capacity 7911K, committed 7936K, reserved 1048576K
}
Event: 54.420 GC heap before
{Heap before GC invocations=15 (full 3):
 PSYoungGen      total 380928K, used 9638K [0x00000000d6500000, 0x00000000ef380000, 0x0000000100000000)
  eden space 371200K, 0% used [0x00000000d6500000,0x00000000d6500000,0x00000000ecf80000)
  from space 9728K, 99% used [0x00000000eea00000,0x00000000ef369868,0x00000000ef380000)
  to   space 16896K, 0% used [0x00000000ed280000,0x00000000ed280000,0x00000000ee300000)
 ParOldGen       total 76288K, used 31088K [0x0000000082e00000, 0x0000000087880000, 0x00000000d6500000)
  object space 76288K, 40% used [0x0000000082e00000,0x0000000084c5c330,0x0000000087880000)
 Metaspace       used 56321K, capacity 59072K, committed 59136K, reserved 1099776K
  class space    used 7452K, capacity 7911K, committed 7936K, reserved 1048576K
Event: 54.755 GC heap after
Heap after GC invocations=15 (full 3):
 PSYoungGen      total 380928K, used 0K [0x00000000d6500000, 0x00000000ef380000, 0x0000000100000000)
  eden space 371200K, 0% used [0x00000000d6500000,0x00000000d6500000,0x00000000ecf80000)
  from space 9728K, 0% used [0x00000000eea00000,0x00000000eea00000,0x00000000ef380000)
  to   space 16896K, 0% used [0x00000000ed280000,0x00000000ed280000,0x00000000ee300000)
 ParOldGen       total 116224K, used 31651K [0x0000000082e00000, 0x0000000089f80000, 0x00000000d6500000)
  object space 116224K, 27% used [0x0000000082e00000,0x0000000084ce8ed0,0x0000000089f80000)
 Metaspace       used 56321K, capacity 59072K, committed 59136K, reserved 1099776K
  class space    used 7452K, capacity 7911K, committed 7936K, reserved 1048576K
}

