# JRE version: Java(TM) SE Runtime Environment (8.0_201-b09) (build 1.8.0_201-b09)
# Java VM: Java HotSpot(TM) 64-Bit Server VM (25.201-b09 mixed mode windows-amd64 compressed oops)
Heap:
 PSYoungGen      total 351744K, used 182239K [0x00000000d6500000, 0x00000000ef280000, 0x0000000100000000)
  eden space 340992K, 53% used [0x00000000d6500000,0x00000000e16f7c10,0x00000000eb200000)
  from space 10752K, 0% used [0x00000000ebc80000,0x00000000ebc80000,0x00000000ec700000)
  to   space 10752K, 0% used [0x00000000eb200000,0x00000000eb200000,0x00000000ebc80000)
 ParOldGen       total 71168K, used 15097K [0x0000000082e00000, 0x0000000087380000, 0x00000000d6500000)
  object space 71168K, 21% used [0x0000000082e00000,0x0000000083cbe570,0x0000000087380000)
 Metaspace       used 39864K, capacity 41360K, committed 41472K, reserved 1085440K
  class space    used 5022K, capacity 5318K, committed 5376K, reserved 1048576K
GC Heap History (10 events):
Event: 31.929 GC heap before
{Heap before GC invocations=8 (full 1):
 PSYoungGen      total 140288K, used 6244K [0x00000000d6500000, 0x00000000e7600000, 0x0000000100000000)
  eden space 130560K, 0% used [0x00000000d6500000,0x00000000d6500000,0x00000000de480000)
  from space 9728K, 64% used [0x00000000de480000,0x00000000dea993d8,0x00000000dee00000)
  to   space 9216K, 0% used [0x00000000e6d00000,0x00000000e6d00000,0x00000000e7600000)
 ParOldGen       total 86016K, used 8022K [0x0000000082e00000, 0x0000000088200000, 0x00000000d6500000)
  object space 86016K, 9% used [0x0000000082e00000,0x00000000835d5840,0x0000000088200000)
 Metaspace       used 20686K, capacity 21192K, committed 21296K, reserved 1069056K
  class space    used 2507K, capacity 2651K, committed 2688K, reserved 1048576K
Event: 32.057 GC heap after
Heap after GC invocations=8 (full 1):
 PSYoungGen      total 140288K, used 0K [0x00000000d6500000, 0x00000000e7600000, 0x0000000100000000)
  eden space 130560K, 0% used [0x00000000d6500000,0x00000000d6500000,0x00000000de480000)
  from space 9728K, 0% used [0x00000000de480000,0x00000000de480000,0x00000000dee00000)
  to   space 9216K, 0% used [0x00000000e6d00000,0x00000000e6d00000,0x00000000e7600000)
 ParOldGen       total 49664K, used 7245K [0x0000000082e00000, 0x0000000085e80000, 0x00000000d6500000)
  object space 49664K, 14% used [0x0000000082e00000,0x00000000835134e0,0x0000000085e80000)
 Metaspace       used 20685K, capacity 21186K, committed 21296K, reserved 1069056K
  class space    used 2506K, capacity 2650K, committed 2688K, reserved 1048576K
}
Event: 44.985 GC heap before
{Heap before GC invocations=9 (full 1):
 PSYoungGen      total 140288K, used 130560K [0x00000000d6500000, 0x00000000e7600000, 0x0000000100000000)
  eden space 130560K, 100% used [0x00000000d6500000,0x00000000de480000,0x00000000de480000)
  from space 9728K, 0% used [0x00000000de480000,0x00000000de480000,0x00000000dee00000)
  to   space 9216K, 0% used [0x00000000e6d00000,0x00000000e6d00000,0x00000000e7600000)
 ParOldGen       total 49664K, used 7245K [0x0000000082e00000, 0x0000000085e80000, 0x00000000d6500000)
  object space 49664K, 14% used [0x0000000082e00000,0x00000000835134e0,0x0000000085e80000)
 Metaspace       used 27024K, capacity 27914K, committed 28288K, reserved 1073152K
  class space    used 3387K, capacity 3592K, committed 3712K, reserved 1048576K
Event: 45.002 GC heap after
Heap after GC invocations=9 (full 1):
 PSYoungGen      total 240128K, used 6579K [0x00000000d6500000, 0x00000000e7380000, 0x0000000100000000)
  eden space 233472K, 0% used [0x00000000d6500000,0x00000000d6500000,0x00000000e4900000)
  from space 6656K, 98% used [0x00000000e6d00000,0x00000000e736cc50,0x00000000e7380000)
  to   space 9216K, 0% used [0x00000000e6180000,0x00000000e6180000,0x00000000e6a80000)
 ParOldGen       total 49664K, used 7317K [0x0000000082e00000, 0x0000000085e80000, 0x00000000d6500000)
  object space 49664K, 14% used [0x0000000082e00000,0x00000000835254f0,0x0000000085e80000)
 Metaspace       used 27024K, capacity 27914K, committed 28288K, reserved 1073152K
  class space    used 3387K, capacity 3592K, committed 3712K, reserved 1048576K
}
Event: 49.918 GC heap before
{Heap before GC invocations=10 (full 1):
 PSYoungGen      total 240128K, used 240051K [0x00000000d6500000, 0x00000000e7380000, 0x0000000100000000)
  eden space 233472K, 100% used [0x00000000d6500000,0x00000000e4900000,0x00000000e4900000)
  from space 6656K, 98% used [0x00000000e6d00000,0x00000000e736cc50,0x00000000e7380000)
  to   space 9216K, 0% used [0x00000000e6180000,0x00000000e6180000,0x00000000e6a80000)
 ParOldGen       total 49664K, used 7317K [0x0000000082e00000, 0x0000000085e80000, 0x00000000d6500000)
  object space 49664K, 14% used [0x0000000082e00000,0x00000000835254f0,0x0000000085e80000)
 Metaspace       used 31505K, capacity 32636K, committed 32896K, reserved 1077248K
  class space    used 3904K, capacity 4168K, committed 4224K, reserved 1048576K
Event: 49.962 GC heap after
Heap after GC invocations=10 (full 1):
 PSYoungGen      total 267776K, used 9198K [0x00000000d6500000, 0x00000000ec700000, 0x0000000100000000)
  eden space 258560K, 0% used [0x00000000d6500000,0x00000000d6500000,0x00000000e6180000)
  from space 9216K, 99% used [0x00000000e6180000,0x00000000e6a7b950,0x00000000e6a80000)
  to   space 10752K, 0% used [0x00000000ebc80000,0x00000000ebc80000,0x00000000ec700000)
 ParOldGen       total 49664K, used 8796K [0x0000000082e00000, 0x0000000085e80000, 0x00000000d6500000)
  object space 49664K, 17% used [0x0000000082e00000,0x0000000083697308,0x0000000085e80000)
 Metaspace       used 31505K, capacity 32636K, committed 32896K, reserved 1077248K
  class space    used 3904K, capacity 4168K, committed 4224K, reserved 1048576K
}
Event: 54.435 GC heap before
{Heap before GC invocations=11 (full 1):
 PSYoungGen      total 267776K, used 155119K [0x00000000d6500000, 0x00000000ec700000, 0x0000000100000000)
  eden space 258560K, 56% used [0x00000000d6500000,0x00000000df3805d8,0x00000000e6180000)
  from space 9216K, 99% used [0x00000000e6180000,0x00000000e6a7b950,0x00000000e6a80000)
  to   space 10752K, 0% used [0x00000000ebc80000,0x00000000ebc80000,0x00000000ec700000)
 ParOldGen       total 49664K, used 8796K [0x0000000082e00000, 0x0000000085e80000, 0x00000000d6500000)
  object space 49664K, 17% used [0x0000000082e00000,0x0000000083697308,0x0000000085e80000)
 Metaspace       used 34127K, capacity 35438K, committed 35496K, reserved 1081344K
  class space    used 4280K, capacity 4565K, committed 4608K, reserved 1048576K
Event: 54.583 GC heap after
Heap after GC invocations=11 (full 1):
 PSYoungGen      total 351744K, used 8536K [0x00000000d6500000, 0x00000000ef280000, 0x0000000100000000)
  eden space 340992K, 0% used [0x00000000d6500000,0x00000000d6500000,0x00000000eb200000)
  from space 10752K, 79% used [0x00000000ebc80000,0x00000000ec4d6278,0x00000000ec700000)
  to   space 10752K, 0% used [0x00000000eb200000,0x00000000eb200000,0x00000000ebc80000)
 ParOldGen       total 49664K, used 10877K [0x0000000082e00000, 0x0000000085e80000, 0x00000000d6500000)
  object space 49664K, 21% used [0x0000000082e00000,0x000000008389f6b0,0x0000000085e80000)
 Metaspace       used 34127K, capacity 35438K, committed 35496K, reserved 1081344K
  class space    used 4280K, capacity 4565K, committed 4608K, reserved 1048576K
}
Event: 54.583 GC heap before
{Heap before GC invocations=12 (full 2):
 PSYoungGen      total 351744K, used 8536K [0x00000000d6500000, 0x00000000ef280000, 0x0000000100000000)
  eden space 340992K, 0% used [0x00000000d6500000,0x00000000d6500000,0x00000000eb200000)
  from space 10752K, 79% used [0x00000000ebc80000,0x00000000ec4d6278,0x00000000ec700000)
  to   space 10752K, 0% used [0x00000000eb200000,0x00000000eb200000,0x00000000ebc80000)
 ParOldGen       total 49664K, used 10877K [0x0000000082e00000, 0x0000000085e80000, 0x00000000d6500000)
  object space 49664K, 21% used [0x0000000082e00000,0x000000008389f6b0,0x0000000085e80000)
 Metaspace       used 34127K, capacity 35438K, committed 35496K, reserved 1081344K
  class space    used 4280K, capacity 4565K, committed 4608K, reserved 1048576K
Event: 54.919 GC heap after
Heap after GC invocations=12 (full 2):
 PSYoungGen      total 351744K, used 0K [0x00000000d6500000, 0x00000000ef280000, 0x0000000100000000)
  eden space 340992K, 0% used [0x00000000d6500000,0x00000000d6500000,0x00000000eb200000)
  from space 10752K, 0% used [0x00000000ebc80000,0x00000000ebc80000,0x00000000ec700000)
  to   space 10752K, 0% used [0x00000000eb200000,0x00000000eb200000,0x00000000ebc80000)
 ParOldGen       total 71168K, used 15097K [0x0000000082e00000, 0x0000000087380000, 0x00000000d6500000)
  object space 71168K, 21% used [0x0000000082e00000,0x0000000083cbe570,0x0000000087380000)
 Metaspace       used 34127K, capacity 35438K, committed 35496K, reserved 1081344K
  class space    used 4280K, capacity 4565K, committed 4608K, reserved 1048576K
}

