# JRE version: Java(TM) SE Runtime Environment (8.0_201-b09) (build 1.8.0_201-b09)
# Java VM: Java HotSpot(TM) 64-Bit Server VM (25.201-b09 mixed mode windows-amd64 compressed oops)
Heap:
 PSYoungGen      total 366080K, used 8260K [0x00000000d6500000, 0x00000000edc00000, 0x0000000100000000)
  eden space 354304K, 2% used [0x00000000d6500000,0x00000000d6d11268,0x00000000ebf00000)
  from space 11776K, 0% used [0x00000000ed080000,0x00000000ed080000,0x00000000edc00000)
  to   space 14848K, 0% used [0x00000000ebf00000,0x00000000ebf00000,0x00000000ecd80000)
 ParOldGen       total 125440K, used 29518K [0x0000000082e00000, 0x000000008a880000, 0x00000000d6500000)
  object space 125440K, 23% used [0x0000000082e00000,0x0000000084ad3880,0x000000008a880000)
 Metaspace       used 56837K, capacity 59050K, committed 59288K, reserved 1101824K
  class space    used 7318K, capacity 7721K, committed 7832K, reserved 1048576K
GC Heap History (10 events):
Event: 17.289 GC heap before
{Heap before GC invocations=11 (full 2):
 PSYoungGen      total 224768K, used 9718K [0x00000000d6500000, 0x00000000e8e00000, 0x0000000100000000)
  eden space 215040K, 0% used [0x00000000d6500000,0x00000000d6500000,0x00000000e3700000)
  from space 9728K, 99% used [0x00000000e3700000,0x00000000e407db80,0x00000000e4080000)
  to   space 10752K, 0% used [0x00000000e8380000,0x00000000e8380000,0x00000000e8e00000)
 ParOldGen       total 54272K, used 7072K [0x0000000082e00000, 0x0000000086300000, 0x00000000d6500000)
  object space 54272K, 13% used [0x0000000082e00000,0x00000000834e8228,0x0000000086300000)
 Metaspace       used 34060K, capacity 35358K, committed 35496K, reserved 1081344K
  class space    used 4236K, capacity 4543K, committed 4608K, reserved 1048576K
Event: 17.407 GC heap after
Heap after GC invocations=11 (full 2):
 PSYoungGen      total 224768K, used 0K [0x00000000d6500000, 0x00000000e8e00000, 0x0000000100000000)
  eden space 215040K, 0% used [0x00000000d6500000,0x00000000d6500000,0x00000000e3700000)
  from space 9728K, 0% used [0x00000000e3700000,0x00000000e3700000,0x00000000e4080000)
  to   space 10752K, 0% used [0x00000000e8380000,0x00000000e8380000,0x00000000e8e00000)
 ParOldGen       total 81920K, used 14683K [0x0000000082e00000, 0x0000000087e00000, 0x00000000d6500000)
  object space 81920K, 17% used [0x0000000082e00000,0x0000000083c56e08,0x0000000087e00000)
 Metaspace       used 34060K, capacity 35358K, committed 35496K, reserved 1081344K
  class space    used 4236K, capacity 4543K, committed 4608K, reserved 1048576K
}
Event: 20.124 GC heap before
{Heap before GC invocations=12 (full 2):
 PSYoungGen      total 224768K, used 215040K [0x00000000d6500000, 0x00000000e8e00000, 0x0000000100000000)
  eden space 215040K, 100% used [0x00000000d6500000,0x00000000e3700000,0x00000000e3700000)
  from space 9728K, 0% used [0x00000000e3700000,0x00000000e3700000,0x00000000e4080000)
  to   space 10752K, 0% used [0x00000000e8380000,0x00000000e8380000,0x00000000e8e00000)
 ParOldGen       total 81920K, used 14683K [0x0000000082e00000, 0x0000000087e00000, 0x00000000d6500000)
  object space 81920K, 17% used [0x0000000082e00000,0x0000000083c56e08,0x0000000087e00000)
 Metaspace       used 38196K, capacity 39658K, committed 39808K, reserved 1083392K
  class space    used 4839K, capacity 5149K, committed 5248K, reserved 1048576K
Event: 20.137 GC heap after
Heap after GC invocations=12 (full 2):
 PSYoungGen      total 287744K, used 7843K [0x00000000d6500000, 0x00000000e8b80000, 0x0000000100000000)
  eden space 279552K, 0% used [0x00000000d6500000,0x00000000d6500000,0x00000000e7600000)
  from space 8192K, 95% used [0x00000000e8380000,0x00000000e8b28ef8,0x00000000e8b80000)
  to   space 10752K, 0% used [0x00000000e7680000,0x00000000e7680000,0x00000000e8100000)
 ParOldGen       total 81920K, used 14691K [0x0000000082e00000, 0x0000000087e00000, 0x00000000d6500000)
  object space 81920K, 17% used [0x0000000082e00000,0x0000000083c58e08,0x0000000087e00000)
 Metaspace       used 38196K, capacity 39658K, committed 39808K, reserved 1083392K
  class space    used 4839K, capacity 5149K, committed 5248K, reserved 1048576K
}
Event: 28.016 GC heap before
{Heap before GC invocations=13 (full 2):
 PSYoungGen      total 287744K, used 287395K [0x00000000d6500000, 0x00000000e8b80000, 0x0000000100000000)
  eden space 279552K, 100% used [0x00000000d6500000,0x00000000e7600000,0x00000000e7600000)
  from space 8192K, 95% used [0x00000000e8380000,0x00000000e8b28ef8,0x00000000e8b80000)
  to   space 10752K, 0% used [0x00000000e7680000,0x00000000e7680000,0x00000000e8100000)
 ParOldGen       total 81920K, used 14691K [0x0000000082e00000, 0x0000000087e00000, 0x00000000d6500000)
  object space 81920K, 17% used [0x0000000082e00000,0x0000000083c58e08,0x0000000087e00000)
 Metaspace       used 48325K, capacity 50042K, committed 50432K, reserved 1093632K
  class space    used 6257K, capacity 6577K, committed 6656K, reserved 1048576K
Event: 28.060 GC heap after
Heap after GC invocations=13 (full 2):
 PSYoungGen      total 290816K, used 10728K [0x00000000d6500000, 0x00000000edf00000, 0x0000000100000000)
  eden space 280064K, 0% used [0x00000000d6500000,0x00000000d6500000,0x00000000e7680000)
  from space 10752K, 99% used [0x00000000e7680000,0x00000000e80fa040,0x00000000e8100000)
  to   space 14848K, 0% used [0x00000000ed080000,0x00000000ed080000,0x00000000edf00000)
 ParOldGen       total 81920K, used 22536K [0x0000000082e00000, 0x0000000087e00000, 0x00000000d6500000)
  object space 81920K, 27% used [0x0000000082e00000,0x0000000084402388,0x0000000087e00000)
 Metaspace       used 48325K, capacity 50042K, committed 50432K, reserved 1093632K
  class space    used 6257K, capacity 6577K, committed 6656K, reserved 1048576K
}
Event: 33.901 GC heap before
{Heap before GC invocations=14 (full 2):
 PSYoungGen      total 290816K, used 250968K [0x00000000d6500000, 0x00000000edf00000, 0x0000000100000000)
  eden space 280064K, 85% used [0x00000000d6500000,0x00000000e4f9c140,0x00000000e7680000)
  from space 10752K, 99% used [0x00000000e7680000,0x00000000e80fa040,0x00000000e8100000)
  to   space 14848K, 0% used [0x00000000ed080000,0x00000000ed080000,0x00000000edf00000)
 ParOldGen       total 81920K, used 22536K [0x0000000082e00000, 0x0000000087e00000, 0x00000000d6500000)
  object space 81920K, 27% used [0x0000000082e00000,0x0000000084402388,0x0000000087e00000)
 Metaspace       used 56810K, capacity 59014K, committed 59160K, reserved 1101824K
  class space    used 7303K, capacity 7689K, committed 7704K, reserved 1048576K
Event: 33.938 GC heap after
Heap after GC invocations=14 (full 2):
 PSYoungGen      total 366080K, used 10048K [0x00000000d6500000, 0x00000000edc00000, 0x0000000100000000)
  eden space 354304K, 0% used [0x00000000d6500000,0x00000000d6500000,0x00000000ebf00000)
  from space 11776K, 85% used [0x00000000ed080000,0x00000000eda50180,0x00000000edc00000)
  to   space 14848K, 0% used [0x00000000ebf00000,0x00000000ebf00000,0x00000000ecd80000)
 ParOldGen       total 81920K, used 32601K [0x0000000082e00000, 0x0000000087e00000, 0x00000000d6500000)
  object space 81920K, 39% used [0x0000000082e00000,0x0000000084dd6518,0x0000000087e00000)
 Metaspace       used 56810K, capacity 59014K, committed 59160K, reserved 1101824K
  class space    used 7303K, capacity 7689K, committed 7704K, reserved 1048576K
}
Event: 33.939 GC heap before
{Heap before GC invocations=15 (full 3):
 PSYoungGen      total 366080K, used 10048K [0x00000000d6500000, 0x00000000edc00000, 0x0000000100000000)
  eden space 354304K, 0% used [0x00000000d6500000,0x00000000d6500000,0x00000000ebf00000)
  from space 11776K, 85% used [0x00000000ed080000,0x00000000eda50180,0x00000000edc00000)
  to   space 14848K, 0% used [0x00000000ebf00000,0x00000000ebf00000,0x00000000ecd80000)
 ParOldGen       total 81920K, used 32601K [0x0000000082e00000, 0x0000000087e00000, 0x00000000d6500000)
  object space 81920K, 39% used [0x0000000082e00000,0x0000000084dd6518,0x0000000087e00000)
 Metaspace       used 56810K, capacity 59014K, committed 59160K, reserved 1101824K
  class space    used 7303K, capacity 7689K, committed 7704K, reserved 1048576K
Event: 34.259 GC heap after
Heap after GC invocations=15 (full 3):
 PSYoungGen      total 366080K, used 0K [0x00000000d6500000, 0x00000000edc00000, 0x0000000100000000)
  eden space 354304K, 0% used [0x00000000d6500000,0x00000000d6500000,0x00000000ebf00000)
  from space 11776K, 0% used [0x00000000ed080000,0x00000000ed080000,0x00000000edc00000)
  to   space 14848K, 0% used [0x00000000ebf00000,0x00000000ebf00000,0x00000000ecd80000)
 ParOldGen       total 125440K, used 29518K [0x0000000082e00000, 0x000000008a880000, 0x00000000d6500000)
  object space 125440K, 23% used [0x0000000082e00000,0x0000000084ad3880,0x000000008a880000)
 Metaspace       used 56810K, capacity 59014K, committed 59160K, reserved 1101824K
  class space    used 7303K, capacity 7689K, committed 7704K, reserved 1048576K
}

