# JRE version: Java(TM) SE Runtime Environment (8.0_221-b11) (build 1.8.0_221-b11)
# Java VM: Java HotSpot(TM) 64-Bit Server VM (25.221-b11 mixed mode windows-amd64 compressed oops)
Heap:
 PSYoungGen      total 547840K, used 295177K [0x00000000d5f00000, 0x00000000ffe80000, 0x0000000100000000)
  eden space 513536K, 54% used [0x00000000d5f00000,0x00000000e6e5b540,0x00000000f5480000)
  from space 34304K, 50% used [0x00000000f5480000,0x00000000f6567218,0x00000000f7600000)
  to   space 33280K, 0% used [0x00000000fde00000,0x00000000fde00000,0x00000000ffe80000)
 ParOldGen       total 137728K, used 74968K [0x0000000081c00000, 0x000000008a280000, 0x00000000d5f00000)
  object space 137728K, 54% used [0x0000000081c00000,0x00000000865361e8,0x000000008a280000)
 Metaspace       used 51018K, capacity 53484K, committed 53756K, reserved 1095680K
  class space    used 6641K, capacity 7098K, committed 7164K, reserved 1048576K
GC Heap History (10 events):
Event: 13.856 GC heap before
{Heap before GC invocations=12 (full 2):
 PSYoungGen      total 375296K, used 6755K [0x00000000d5f00000, 0x00000000eef00000, 0x0000000100000000)
  eden space 363520K, 0% used [0x00000000d5f00000,0x00000000d5f00000,0x00000000ec200000)
  from space 11776K, 57% used [0x00000000ecd00000,0x00000000ed398c10,0x00000000ed880000)
  to   space 11264K, 0% used [0x00000000ec200000,0x00000000ec200000,0x00000000ecd00000)
 ParOldGen       total 48128K, used 9689K [0x0000000081c00000, 0x0000000084b00000, 0x00000000d5f00000)
  object space 48128K, 20% used [0x0000000081c00000,0x00000000825766e0,0x0000000084b00000)
 Metaspace       used 34662K, capacity 35966K, committed 36048K, reserved 1081344K
  class space    used 4404K, capacity 4697K, committed 4732K, reserved 1048576K
Event: 13.932 GC heap after
Heap after GC invocations=12 (full 2):
 PSYoungGen      total 375296K, used 0K [0x00000000d5f00000, 0x00000000eef00000, 0x0000000100000000)
  eden space 363520K, 0% used [0x00000000d5f00000,0x00000000d5f00000,0x00000000ec200000)
  from space 11776K, 0% used [0x00000000ecd00000,0x00000000ecd00000,0x00000000ed880000)
  to   space 11264K, 0% used [0x00000000ec200000,0x00000000ec200000,0x00000000ecd00000)
 ParOldGen       total 66048K, used 13203K [0x0000000081c00000, 0x0000000085c80000, 0x00000000d5f00000)
  object space 66048K, 19% used [0x0000000081c00000,0x00000000828e4ef0,0x0000000085c80000)
 Metaspace       used 34662K, capacity 35966K, committed 36048K, reserved 1081344K
  class space    used 4404K, capacity 4697K, committed 4732K, reserved 1048576K
}
Event: 21.672 GC heap before
{Heap before GC invocations=13 (full 2):
 PSYoungGen      total 375296K, used 363520K [0x00000000d5f00000, 0x00000000eef00000, 0x0000000100000000)
  eden space 363520K, 100% used [0x00000000d5f00000,0x00000000ec200000,0x00000000ec200000)
  from space 11776K, 0% used [0x00000000ecd00000,0x00000000ecd00000,0x00000000ed880000)
  to   space 11264K, 0% used [0x00000000ec200000,0x00000000ec200000,0x00000000ecd00000)
 ParOldGen       total 66048K, used 13203K [0x0000000081c00000, 0x0000000085c80000, 0x00000000d5f00000)
  object space 66048K, 19% used [0x0000000081c00000,0x00000000828e4ef0,0x0000000085c80000)
 Metaspace       used 35421K, capacity 36828K, committed 36944K, reserved 1081344K
  class space    used 4523K, capacity 4830K, committed 4860K, reserved 1048576K
Event: 22.037 GC heap after
Heap after GC invocations=13 (full 2):
 PSYoungGen      total 374784K, used 11261K [0x00000000d5f00000, 0x00000000f9780000, 0x0000000100000000)
  eden space 363520K, 0% used [0x00000000d5f00000,0x00000000d5f00000,0x00000000ec200000)
  from space 11264K, 99% used [0x00000000ec200000,0x00000000eccff6e0,0x00000000ecd00000)
  to   space 26112K, 0% used [0x00000000f7e00000,0x00000000f7e00000,0x00000000f9780000)
 ParOldGen       total 66048K, used 50702K [0x0000000081c00000, 0x0000000085c80000, 0x00000000d5f00000)
  object space 66048K, 76% used [0x0000000081c00000,0x0000000084d83bb0,0x0000000085c80000)
 Metaspace       used 35421K, capacity 36828K, committed 36944K, reserved 1081344K
  class space    used 4523K, capacity 4830K, committed 4860K, reserved 1048576K
}
Event: 22.037 GC heap before
{Heap before GC invocations=14 (full 3):
 PSYoungGen      total 374784K, used 11261K [0x00000000d5f00000, 0x00000000f9780000, 0x0000000100000000)
  eden space 363520K, 0% used [0x00000000d5f00000,0x00000000d5f00000,0x00000000ec200000)
  from space 11264K, 99% used [0x00000000ec200000,0x00000000eccff6e0,0x00000000ecd00000)
  to   space 26112K, 0% used [0x00000000f7e00000,0x00000000f7e00000,0x00000000f9780000)
 ParOldGen       total 66048K, used 50702K [0x0000000081c00000, 0x0000000085c80000, 0x00000000d5f00000)
  object space 66048K, 76% used [0x0000000081c00000,0x0000000084d83bb0,0x0000000085c80000)
 Metaspace       used 35421K, capacity 36828K, committed 36944K, reserved 1081344K
  class space    used 4523K, capacity 4830K, committed 4860K, reserved 1048576K
Event: 22.395 GC heap after
Heap after GC invocations=14 (full 3):
 PSYoungGen      total 374784K, used 0K [0x00000000d5f00000, 0x00000000f9780000, 0x0000000100000000)
  eden space 363520K, 0% used [0x00000000d5f00000,0x00000000d5f00000,0x00000000ec200000)
  from space 11264K, 0% used [0x00000000ec200000,0x00000000ec200000,0x00000000ecd00000)
  to   space 26112K, 0% used [0x00000000f7e00000,0x00000000f7e00000,0x00000000f9780000)
 ParOldGen       total 137728K, used 58848K [0x0000000081c00000, 0x000000008a280000, 0x00000000d5f00000)
  object space 137728K, 42% used [0x0000000081c00000,0x00000000855783c8,0x000000008a280000)
 Metaspace       used 35421K, capacity 36828K, committed 36944K, reserved 1081344K
  class space    used 4523K, capacity 4830K, committed 4860K, reserved 1048576K
}
Event: 32.143 GC heap before
{Heap before GC invocations=15 (full 3):
 PSYoungGen      total 374784K, used 363520K [0x00000000d5f00000, 0x00000000f9780000, 0x0000000100000000)
  eden space 363520K, 100% used [0x00000000d5f00000,0x00000000ec200000,0x00000000ec200000)
  from space 11264K, 0% used [0x00000000ec200000,0x00000000ec200000,0x00000000ecd00000)
  to   space 26112K, 0% used [0x00000000f7e00000,0x00000000f7e00000,0x00000000f9780000)
 ParOldGen       total 137728K, used 58848K [0x0000000081c00000, 0x000000008a280000, 0x00000000d5f00000)
  object space 137728K, 42% used [0x0000000081c00000,0x00000000855783c8,0x000000008a280000)
 Metaspace       used 39714K, capacity 41324K, committed 41596K, reserved 1085440K
  class space    used 5156K, capacity 5462K, committed 5500K, reserved 1048576K
Event: 32.261 GC heap after
Heap after GC invocations=15 (full 3):
 PSYoungGen      total 507904K, used 26107K [0x00000000d5f00000, 0x00000000f9780000, 0x0000000100000000)
  eden space 481792K, 0% used [0x00000000d5f00000,0x00000000d5f00000,0x00000000f3580000)
  from space 26112K, 99% used [0x00000000f7e00000,0x00000000f977ecc8,0x00000000f9780000)
  to   space 34304K, 0% used [0x00000000f5480000,0x00000000f5480000,0x00000000f7600000)
 ParOldGen       total 137728K, used 68752K [0x0000000081c00000, 0x000000008a280000, 0x00000000d5f00000)
  object space 137728K, 49% used [0x0000000081c00000,0x0000000085f241e8,0x000000008a280000)
 Metaspace       used 39714K, capacity 41324K, committed 41596K, reserved 1085440K
  class space    used 5156K, capacity 5462K, committed 5500K, reserved 1048576K
}
Event: 43.179 GC heap before
{Heap before GC invocations=16 (full 3):
 PSYoungGen      total 507904K, used 507899K [0x00000000d5f00000, 0x00000000f9780000, 0x0000000100000000)
  eden space 481792K, 100% used [0x00000000d5f00000,0x00000000f3580000,0x00000000f3580000)
  from space 26112K, 99% used [0x00000000f7e00000,0x00000000f977ecc8,0x00000000f9780000)
  to   space 34304K, 0% used [0x00000000f5480000,0x00000000f5480000,0x00000000f7600000)
 ParOldGen       total 137728K, used 68752K [0x0000000081c00000, 0x000000008a280000, 0x00000000d5f00000)
  object space 137728K, 49% used [0x0000000081c00000,0x0000000085f241e8,0x000000008a280000)
 Metaspace       used 50323K, capacity 52712K, committed 52988K, reserved 1095680K
  class space    used 6597K, capacity 7048K, committed 7164K, reserved 1048576K
Event: 43.215 GC heap after
Heap after GC invocations=16 (full 3):
 PSYoungGen      total 547840K, used 17308K [0x00000000d5f00000, 0x00000000ffe80000, 0x0000000100000000)
  eden space 513536K, 0% used [0x00000000d5f00000,0x00000000d5f00000,0x00000000f5480000)
  from space 34304K, 50% used [0x00000000f5480000,0x00000000f6567218,0x00000000f7600000)
  to   space 33280K, 0% used [0x00000000fde00000,0x00000000fde00000,0x00000000ffe80000)
 ParOldGen       total 137728K, used 74968K [0x0000000081c00000, 0x000000008a280000, 0x00000000d5f00000)
  object space 137728K, 54% used [0x0000000081c00000,0x00000000865361e8,0x000000008a280000)
 Metaspace       used 50323K, capacity 52712K, committed 52988K, reserved 1095680K
  class space    used 6597K, capacity 7048K, committed 7164K, reserved 1048576K
}

