# JRE version: Java(TM) SE Runtime Environment (8.0_201-b09) (build 1.8.0_201-b09)
# Java VM: Java HotSpot(TM) 64-Bit Server VM (25.201-b09 mixed mode windows-amd64 compressed oops)
Heap:
 PSYoungGen      total 645632K, used 71195K [0x00000000d6500000, 0x0000000100000000, 0x0000000100000000)
  eden space 611840K, 8% used [0x00000000d6500000,0x00000000d970eb38,0x00000000fba80000)
  from space 33792K, 58% used [0x00000000fba80000,0x00000000fcdf8200,0x00000000fdb80000)
  to   space 34304K, 0% used [0x00000000fde80000,0x00000000fde80000,0x0000000100000000)
 ParOldGen       total 119296K, used 44426K [0x0000000082e00000, 0x000000008a280000, 0x00000000d6500000)
  object space 119296K, 37% used [0x0000000082e00000,0x0000000085962b58,0x000000008a280000)
 Metaspace       used 70300K, capacity 73760K, committed 73856K, reserved 1114112K
  class space    used 8902K, capacity 9542K, committed 9600K, reserved 1048576K
GC Heap History (10 events):
Event: 40.541 GC heap before
{Heap before GC invocations=14 (full 2):
 PSYoungGen      total 358912K, used 339968K [0x00000000d6500000, 0x00000000f7600000, 0x0000000100000000)
  eden space 339968K, 100% used [0x00000000d6500000,0x00000000eb100000,0x00000000eb100000)
  from space 18944K, 0% used [0x00000000eb100000,0x00000000eb100000,0x00000000ec380000)
  to   space 29184K, 0% used [0x00000000f5980000,0x00000000f5980000,0x00000000f7600000)
 ParOldGen       total 108032K, used 43515K [0x0000000082e00000, 0x0000000089780000, 0x00000000d6500000)
  object space 108032K, 40% used [0x0000000082e00000,0x000000008587eca8,0x0000000089780000)
 Metaspace       used 37639K, capacity 39218K, committed 39552K, reserved 1083392K
  class space    used 4852K, capacity 5167K, committed 5248K, reserved 1048576K
Event: 40.680 GC heap after
Heap after GC invocations=14 (full 2):
 PSYoungGen      total 505856K, used 29181K [0x00000000d6500000, 0x00000000f7c80000, 0x0000000100000000)
  eden space 476672K, 0% used [0x00000000d6500000,0x00000000d6500000,0x00000000f3680000)
  from space 29184K, 99% used [0x00000000f5980000,0x00000000f75ff638,0x00000000f7600000)
  to   space 35840K, 0% used [0x00000000f3680000,0x00000000f3680000,0x00000000f5980000)
 ParOldGen       total 108032K, used 49402K [0x0000000082e00000, 0x0000000089780000, 0x00000000d6500000)
  object space 108032K, 45% used [0x0000000082e00000,0x0000000085e3e888,0x0000000089780000)
 Metaspace       used 37639K, capacity 39218K, committed 39552K, reserved 1083392K
  class space    used 4852K, capacity 5167K, committed 5248K, reserved 1048576K
}
Event: 49.170 GC heap before
{Heap before GC invocations=15 (full 2):
 PSYoungGen      total 505856K, used 505853K [0x00000000d6500000, 0x00000000f7c80000, 0x0000000100000000)
  eden space 476672K, 100% used [0x00000000d6500000,0x00000000f3680000,0x00000000f3680000)
  from space 29184K, 99% used [0x00000000f5980000,0x00000000f75ff638,0x00000000f7600000)
  to   space 35840K, 0% used [0x00000000f3680000,0x00000000f3680000,0x00000000f5980000)
 ParOldGen       total 108032K, used 49402K [0x0000000082e00000, 0x0000000089780000, 0x00000000d6500000)
  object space 108032K, 45% used [0x0000000082e00000,0x0000000085e3e888,0x0000000089780000)
 Metaspace       used 49730K, capacity 52180K, committed 52224K, reserved 1095680K
  class space    used 6461K, capacity 6906K, committed 6912K, reserved 1048576K
Event: 49.475 GC heap after
Heap after GC invocations=15 (full 2):
 PSYoungGen      total 512512K, used 18182K [0x00000000d6500000, 0x0000000100000000, 0x0000000100000000)
  eden space 476672K, 0% used [0x00000000d6500000,0x00000000d6500000,0x00000000f3680000)
  from space 35840K, 50% used [0x00000000f3680000,0x00000000f48419e0,0x00000000f5980000)
  to   space 35328K, 0% used [0x00000000fdd80000,0x00000000fdd80000,0x0000000100000000)
 ParOldGen       total 108032K, used 54874K [0x0000000082e00000, 0x0000000089780000, 0x00000000d6500000)
  object space 108032K, 50% used [0x0000000082e00000,0x0000000086396900,0x0000000089780000)
 Metaspace       used 49730K, capacity 52180K, committed 52224K, reserved 1095680K
  class space    used 6461K, capacity 6906K, committed 6912K, reserved 1048576K
}
Event: 56.428 GC heap before
{Heap before GC invocations=16 (full 2):
 PSYoungGen      total 512512K, used 492710K [0x00000000d6500000, 0x0000000100000000, 0x0000000100000000)
  eden space 476672K, 99% used [0x00000000d6500000,0x00000000f3467e90,0x00000000f3680000)
  from space 35840K, 50% used [0x00000000f3680000,0x00000000f48419e0,0x00000000f5980000)
  to   space 35328K, 0% used [0x00000000fdd80000,0x00000000fdd80000,0x0000000100000000)
 ParOldGen       total 108032K, used 54874K [0x0000000082e00000, 0x0000000089780000, 0x00000000d6500000)
  object space 108032K, 50% used [0x0000000082e00000,0x0000000086396900,0x0000000089780000)
 Metaspace       used 56298K, capacity 59036K, committed 59096K, reserved 1101824K
  class space    used 7013K, capacity 7506K, committed 7552K, reserved 1048576K
Event: 56.472 GC heap after
Heap after GC invocations=16 (full 2):
 PSYoungGen      total 643584K, used 10678K [0x00000000d6500000, 0x00000000ffc80000, 0x0000000100000000)
  eden space 611840K, 0% used [0x00000000d6500000,0x00000000d6500000,0x00000000fba80000)
  from space 31744K, 33% used [0x00000000fdd80000,0x00000000fe7eda98,0x00000000ffc80000)
  to   space 33792K, 0% used [0x00000000fba80000,0x00000000fba80000,0x00000000fdb80000)
 ParOldGen       total 108032K, used 64876K [0x0000000082e00000, 0x0000000089780000, 0x00000000d6500000)
  object space 108032K, 60% used [0x0000000082e00000,0x0000000086d5b358,0x0000000089780000)
 Metaspace       used 56298K, capacity 59036K, committed 59096K, reserved 1101824K
  class space    used 7013K, capacity 7506K, committed 7552K, reserved 1048576K
}
Event: 56.472 GC heap before
{Heap before GC invocations=17 (full 3):
 PSYoungGen      total 643584K, used 10678K [0x00000000d6500000, 0x00000000ffc80000, 0x0000000100000000)
  eden space 611840K, 0% used [0x00000000d6500000,0x00000000d6500000,0x00000000fba80000)
  from space 31744K, 33% used [0x00000000fdd80000,0x00000000fe7eda98,0x00000000ffc80000)
  to   space 33792K, 0% used [0x00000000fba80000,0x00000000fba80000,0x00000000fdb80000)
 ParOldGen       total 108032K, used 64876K [0x0000000082e00000, 0x0000000089780000, 0x00000000d6500000)
  object space 108032K, 60% used [0x0000000082e00000,0x0000000086d5b358,0x0000000089780000)
 Metaspace       used 56298K, capacity 59036K, committed 59096K, reserved 1101824K
  class space    used 7013K, capacity 7506K, committed 7552K, reserved 1048576K
Event: 56.748 GC heap after
Heap after GC invocations=17 (full 3):
 PSYoungGen      total 643584K, used 0K [0x00000000d6500000, 0x00000000ffc80000, 0x0000000100000000)
  eden space 611840K, 0% used [0x00000000d6500000,0x00000000d6500000,0x00000000fba80000)
  from space 31744K, 0% used [0x00000000fdd80000,0x00000000fdd80000,0x00000000ffc80000)
  to   space 33792K, 0% used [0x00000000fba80000,0x00000000fba80000,0x00000000fdb80000)
 ParOldGen       total 119296K, used 44418K [0x0000000082e00000, 0x000000008a280000, 0x00000000d6500000)
  object space 119296K, 37% used [0x0000000082e00000,0x0000000085960b58,0x000000008a280000)
 Metaspace       used 56181K, capacity 58850K, committed 59096K, reserved 1101824K
  class space    used 6996K, capacity 7475K, committed 7552K, reserved 1048576K
}
Event: 379.253 GC heap before
{Heap before GC invocations=18 (full 3):
 PSYoungGen      total 643584K, used 611840K [0x00000000d6500000, 0x00000000ffc80000, 0x0000000100000000)
  eden space 611840K, 100% used [0x00000000d6500000,0x00000000fba80000,0x00000000fba80000)
  from space 31744K, 0% used [0x00000000fdd80000,0x00000000fdd80000,0x00000000ffc80000)
  to   space 33792K, 0% used [0x00000000fba80000,0x00000000fba80000,0x00000000fdb80000)
 ParOldGen       total 119296K, used 44418K [0x0000000082e00000, 0x000000008a280000, 0x00000000d6500000)
  object space 119296K, 37% used [0x0000000082e00000,0x0000000085960b58,0x000000008a280000)
 Metaspace       used 69702K, capacity 73152K, committed 73216K, reserved 1114112K
  class space    used 8832K, capacity 9446K, committed 9472K, reserved 1048576K
Event: 379.281 GC heap after
Heap after GC invocations=18 (full 3):
 PSYoungGen      total 645632K, used 19936K [0x00000000d6500000, 0x0000000100000000, 0x0000000100000000)
  eden space 611840K, 0% used [0x00000000d6500000,0x00000000d6500000,0x00000000fba80000)
  from space 33792K, 58% used [0x00000000fba80000,0x00000000fcdf8200,0x00000000fdb80000)
  to   space 34304K, 0% used [0x00000000fde80000,0x00000000fde80000,0x0000000100000000)
 ParOldGen       total 119296K, used 44426K [0x0000000082e00000, 0x000000008a280000, 0x00000000d6500000)
  object space 119296K, 37% used [0x0000000082e00000,0x0000000085962b58,0x000000008a280000)
 Metaspace       used 69702K, capacity 73152K, committed 73216K, reserved 1114112K
  class space    used 8832K, capacity 9446K, committed 9472K, reserved 1048576K
}

