# JRE version: Java(TM) SE Runtime Environment (8.0_221-b11) (build 1.8.0_221-b11)
# Java VM: Java HotSpot(TM) 64-Bit Server VM (25.221-b11 mixed mode windows-amd64 compressed oops)
Heap:
 PSYoungGen      total 527872K, used 33597K [0x00000000d5f00000, 0x0000000100000000, 0x0000000100000000)
  eden space 501760K, 4% used [0x00000000d5f00000,0x00000000d754fa30,0x00000000f4900000)
  from space 26112K, 41% used [0x00000000f6b80000,0x00000000f75ffc10,0x00000000f8500000)
  to   space 35328K, 0% used [0x00000000f4900000,0x00000000f4900000,0x00000000f6b80000)
 ParOldGen       total 138240K, used 65245K [0x0000000081c00000, 0x000000008a300000, 0x00000000d5f00000)
  object space 138240K, 47% used [0x0000000081c00000,0x0000000085bb7538,0x000000008a300000)
 Metaspace       used 57269K, capacity 60156K, committed 60248K, reserved 1101824K
  class space    used 7199K, capacity 7752K, committed 7768K, reserved 1048576K
GC Heap History (10 events):
Event: 24.967 GC heap before
{Heap before GC invocations=13 (full 2):
 PSYoungGen      total 374272K, used 362496K [0x00000000d5f00000, 0x00000000eed00000, 0x0000000100000000)
  eden space 362496K, 100% used [0x00000000d5f00000,0x00000000ec100000,0x00000000ec100000)
  from space 11776K, 0% used [0x00000000ecc00000,0x00000000ecc00000,0x00000000ed780000)
  to   space 11264K, 0% used [0x00000000ec100000,0x00000000ec100000,0x00000000ecc00000)
 ParOldGen       total 66048K, used 12643K [0x0000000081c00000, 0x0000000085c80000, 0x00000000d5f00000)
  object space 66048K, 19% used [0x0000000081c00000,0x0000000082858c68,0x0000000085c80000)
 Metaspace       used 35439K, capacity 36774K, committed 36952K, reserved 1081344K
  class space    used 4519K, capacity 4831K, committed 4952K, reserved 1048576K
Event: 25.035 GC heap after
Heap after GC invocations=13 (full 2):
 PSYoungGen      total 373760K, used 11253K [0x00000000d5f00000, 0x00000000f8500000, 0x0000000100000000)
  eden space 362496K, 0% used [0x00000000d5f00000,0x00000000d5f00000,0x00000000ec100000)
  from space 11264K, 99% used [0x00000000ec100000,0x00000000ecbfd468,0x00000000ecc00000)
  to   space 26112K, 0% used [0x00000000f6b80000,0x00000000f6b80000,0x00000000f8500000)
 ParOldGen       total 66048K, used 48996K [0x0000000081c00000, 0x0000000085c80000, 0x00000000d5f00000)
  object space 66048K, 74% used [0x0000000081c00000,0x0000000084bd9110,0x0000000085c80000)
 Metaspace       used 35439K, capacity 36774K, committed 36952K, reserved 1081344K
  class space    used 4519K, capacity 4831K, committed 4952K, reserved 1048576K
}
Event: 33.209 GC heap before
{Heap before GC invocations=14 (full 2):
 PSYoungGen      total 373760K, used 373749K [0x00000000d5f00000, 0x00000000f8500000, 0x0000000100000000)
  eden space 362496K, 100% used [0x00000000d5f00000,0x00000000ec100000,0x00000000ec100000)
  from space 11264K, 99% used [0x00000000ec100000,0x00000000ecbfd468,0x00000000ecc00000)
  to   space 26112K, 0% used [0x00000000f6b80000,0x00000000f6b80000,0x00000000f8500000)
 ParOldGen       total 66048K, used 48996K [0x0000000081c00000, 0x0000000085c80000, 0x00000000d5f00000)
  object space 66048K, 74% used [0x0000000081c00000,0x0000000084bd9110,0x0000000085c80000)
 Metaspace       used 39461K, capacity 41016K, committed 41304K, reserved 1085440K
  class space    used 5109K, capacity 5422K, committed 5464K, reserved 1048576K
Event: 33.654 GC heap after
Heap after GC invocations=14 (full 2):
 PSYoungGen      total 525312K, used 26111K [0x00000000d5f00000, 0x00000000fae00000, 0x0000000100000000)
  eden space 499200K, 0% used [0x00000000d5f00000,0x00000000d5f00000,0x00000000f4680000)
  from space 26112K, 99% used [0x00000000f6b80000,0x00000000f84ffd70,0x00000000f8500000)
  to   space 37888K, 0% used [0x00000000f4680000,0x00000000f4680000,0x00000000f6b80000)
 ParOldGen       total 69632K, used 69164K [0x0000000081c00000, 0x0000000086000000, 0x00000000d5f00000)
  object space 69632K, 99% used [0x0000000081c00000,0x0000000085f8b060,0x0000000086000000)
 Metaspace       used 39461K, capacity 41016K, committed 41304K, reserved 1085440K
  class space    used 5109K, capacity 5422K, committed 5464K, reserved 1048576K
}
Event: 33.654 GC heap before
{Heap before GC invocations=15 (full 3):
 PSYoungGen      total 525312K, used 26111K [0x00000000d5f00000, 0x00000000fae00000, 0x0000000100000000)
  eden space 499200K, 0% used [0x00000000d5f00000,0x00000000d5f00000,0x00000000f4680000)
  from space 26112K, 99% used [0x00000000f6b80000,0x00000000f84ffd70,0x00000000f8500000)
  to   space 37888K, 0% used [0x00000000f4680000,0x00000000f4680000,0x00000000f6b80000)
 ParOldGen       total 69632K, used 69164K [0x0000000081c00000, 0x0000000086000000, 0x00000000d5f00000)
  object space 69632K, 99% used [0x0000000081c00000,0x0000000085f8b060,0x0000000086000000)
 Metaspace       used 39461K, capacity 41016K, committed 41304K, reserved 1085440K
  class space    used 5109K, capacity 5422K, committed 5464K, reserved 1048576K
Event: 34.201 GC heap after
Heap after GC invocations=15 (full 3):
 PSYoungGen      total 525312K, used 0K [0x00000000d5f00000, 0x00000000fae00000, 0x0000000100000000)
  eden space 499200K, 0% used [0x00000000d5f00000,0x00000000d5f00000,0x00000000f4680000)
  from space 26112K, 0% used [0x00000000f6b80000,0x00000000f6b80000,0x00000000f8500000)
  to   space 37888K, 0% used [0x00000000f4680000,0x00000000f4680000,0x00000000f6b80000)
 ParOldGen       total 138240K, used 55597K [0x0000000081c00000, 0x000000008a300000, 0x00000000d5f00000)
  object space 138240K, 40% used [0x0000000081c00000,0x000000008524b500,0x000000008a300000)
 Metaspace       used 39461K, capacity 41016K, committed 41304K, reserved 1085440K
  class space    used 5109K, capacity 5422K, committed 5464K, reserved 1048576K
}
Event: 42.615 GC heap before
{Heap before GC invocations=16 (full 3):
 PSYoungGen      total 525312K, used 499200K [0x00000000d5f00000, 0x00000000fae00000, 0x0000000100000000)
  eden space 499200K, 100% used [0x00000000d5f00000,0x00000000f4680000,0x00000000f4680000)
  from space 26112K, 0% used [0x00000000f6b80000,0x00000000f6b80000,0x00000000f8500000)
  to   space 37888K, 0% used [0x00000000f4680000,0x00000000f4680000,0x00000000f6b80000)
 ParOldGen       total 138240K, used 55597K [0x0000000081c00000, 0x000000008a300000, 0x00000000d5f00000)
  object space 138240K, 40% used [0x0000000081c00000,0x000000008524b500,0x000000008a300000)
 Metaspace       used 50333K, capacity 52772K, committed 52952K, reserved 1095680K
  class space    used 6598K, capacity 7048K, committed 7128K, reserved 1048576K
Event: 42.662 GC heap after
Heap after GC invocations=16 (full 3):
 PSYoungGen      total 537088K, used 17857K [0x00000000d5f00000, 0x00000000fae00000, 0x0000000100000000)
  eden space 499200K, 0% used [0x00000000d5f00000,0x00000000d5f00000,0x00000000f4680000)
  from space 37888K, 47% used [0x00000000f4680000,0x00000000f57f0430,0x00000000f6b80000)
  to   space 26112K, 0% used [0x00000000f6b80000,0x00000000f6b80000,0x00000000f8500000)
 ParOldGen       total 138240K, used 55605K [0x0000000081c00000, 0x000000008a300000, 0x00000000d5f00000)
  object space 138240K, 40% used [0x0000000081c00000,0x000000008524d500,0x000000008a300000)
 Metaspace       used 50333K, capacity 52772K, committed 52952K, reserved 1095680K
  class space    used 6598K, capacity 7048K, committed 7128K, reserved 1048576K
}
Event: 48.259 GC heap before
{Heap before GC invocations=17 (full 3):
 PSYoungGen      total 537088K, used 517057K [0x00000000d5f00000, 0x00000000fae00000, 0x0000000100000000)
  eden space 499200K, 100% used [0x00000000d5f00000,0x00000000f4680000,0x00000000f4680000)
  from space 37888K, 47% used [0x00000000f4680000,0x00000000f57f0430,0x00000000f6b80000)
  to   space 26112K, 0% used [0x00000000f6b80000,0x00000000f6b80000,0x00000000f8500000)
 ParOldGen       total 138240K, used 55605K [0x0000000081c00000, 0x000000008a300000, 0x00000000d5f00000)
  object space 138240K, 40% used [0x0000000081c00000,0x000000008524d500,0x000000008a300000)
 Metaspace       used 56792K, capacity 59596K, committed 59736K, reserved 1101824K
  class space    used 7129K, capacity 7666K, committed 7768K, reserved 1048576K
Event: 48.331 GC heap after
Heap after GC invocations=17 (full 3):
 PSYoungGen      total 527872K, used 10751K [0x00000000d5f00000, 0x0000000100000000, 0x0000000100000000)
  eden space 501760K, 0% used [0x00000000d5f00000,0x00000000d5f00000,0x00000000f4900000)
  from space 26112K, 41% used [0x00000000f6b80000,0x00000000f75ffc10,0x00000000f8500000)
  to   space 35328K, 0% used [0x00000000f4900000,0x00000000f4900000,0x00000000f6b80000)
 ParOldGen       total 138240K, used 65245K [0x0000000081c00000, 0x000000008a300000, 0x00000000d5f00000)
  object space 138240K, 47% used [0x0000000081c00000,0x0000000085bb7538,0x000000008a300000)
 Metaspace       used 56792K, capacity 59596K, committed 59736K, reserved 1101824K
  class space    used 7129K, capacity 7666K, committed 7768K, reserved 1048576K
}

