# JRE version: Java(TM) SE Runtime Environment (8.0_221-b11) (build 1.8.0_221-b11)
# Java VM: Java HotSpot(TM) 64-Bit Server VM (25.221-b11 mixed mode windows-amd64 compressed oops)
Heap:
 PSYoungGen      total 382464K, used 268086K [0x00000000d5f00000, 0x00000000f1400000, 0x0000000100000000)
  eden space 359936K, 74% used [0x00000000d5f00000,0x00000000e64cdaf8,0x00000000ebe80000)
  from space 22528K, 0% used [0x00000000ee280000,0x00000000ee280000,0x00000000ef880000)
  to   space 36864K, 0% used [0x00000000ebe80000,0x00000000ebe80000,0x00000000ee280000)
 ParOldGen       total 65024K, used 59244K [0x0000000081c00000, 0x0000000085b80000, 0x00000000d5f00000)
  object space 65024K, 91% used [0x0000000081c00000,0x00000000855db1d0,0x0000000085b80000)
 Metaspace       used 35825K, capacity 37882K, committed 38144K, reserved 1081344K
  class space    used 4920K, capacity 5299K, committed 5376K, reserved 1048576K
GC Heap History (10 events):
Event: 17.273 GC heap before
{Heap before GC invocations=8 (full 1):
 PSYoungGen      total 142336K, used 133120K [0x00000000d5f00000, 0x00000000df400000, 0x0000000100000000)
  eden space 133120K, 100% used [0x00000000d5f00000,0x00000000de100000,0x00000000de100000)
  from space 9216K, 0% used [0x00000000deb00000,0x00000000deb00000,0x00000000df400000)
  to   space 9728K, 0% used [0x00000000de100000,0x00000000de100000,0x00000000dea80000)
 ParOldGen       total 49664K, used 7627K [0x0000000081c00000, 0x0000000084c80000, 0x00000000d5f00000)
  object space 49664K, 15% used [0x0000000081c00000,0x0000000082372d18,0x0000000084c80000)
 Metaspace       used 25460K, capacity 26572K, committed 26880K, reserved 1073152K
  class space    used 3465K, capacity 3754K, committed 3840K, reserved 1048576K
Event: 17.281 GC heap after
Heap after GC invocations=8 (full 1):
 PSYoungGen      total 142848K, used 8302K [0x00000000d5f00000, 0x00000000e6780000, 0x0000000100000000)
  eden space 133120K, 0% used [0x00000000d5f00000,0x00000000d5f00000,0x00000000de100000)
  from space 9728K, 85% used [0x00000000de100000,0x00000000de91b8d8,0x00000000dea80000)
  to   space 10240K, 0% used [0x00000000e5d80000,0x00000000e5d80000,0x00000000e6780000)
 ParOldGen       total 49664K, used 7635K [0x0000000081c00000, 0x0000000084c80000, 0x00000000d5f00000)
  object space 49664K, 15% used [0x0000000081c00000,0x0000000082374d18,0x0000000084c80000)
 Metaspace       used 25460K, capacity 26572K, committed 26880K, reserved 1073152K
  class space    used 3465K, capacity 3754K, committed 3840K, reserved 1048576K
}
Event: 18.286 GC heap before
{Heap before GC invocations=9 (full 1):
 PSYoungGen      total 142848K, used 141422K [0x00000000d5f00000, 0x00000000e6780000, 0x0000000100000000)
  eden space 133120K, 100% used [0x00000000d5f00000,0x00000000de100000,0x00000000de100000)
  from space 9728K, 85% used [0x00000000de100000,0x00000000de91b8d8,0x00000000dea80000)
  to   space 10240K, 0% used [0x00000000e5d80000,0x00000000e5d80000,0x00000000e6780000)
 ParOldGen       total 49664K, used 7635K [0x0000000081c00000, 0x0000000084c80000, 0x00000000d5f00000)
  object space 49664K, 15% used [0x0000000081c00000,0x0000000082374d18,0x0000000084c80000)
 Metaspace       used 27952K, capacity 29214K, committed 29568K, reserved 1075200K
  class space    used 3796K, capacity 4099K, committed 4224K, reserved 1048576K
Event: 18.295 GC heap after
Heap after GC invocations=9 (full 1):
 PSYoungGen      total 257536K, used 9332K [0x00000000d5f00000, 0x00000000e6700000, 0x0000000100000000)
  eden space 247808K, 0% used [0x00000000d5f00000,0x00000000d5f00000,0x00000000e5100000)
  from space 9728K, 95% used [0x00000000e5d80000,0x00000000e669d1b8,0x00000000e6700000)
  to   space 10752K, 0% used [0x00000000e5200000,0x00000000e5200000,0x00000000e5c80000)
 ParOldGen       total 49664K, used 7643K [0x0000000081c00000, 0x0000000084c80000, 0x00000000d5f00000)
  object space 49664K, 15% used [0x0000000081c00000,0x0000000082376d18,0x0000000084c80000)
 Metaspace       used 27952K, capacity 29214K, committed 29568K, reserved 1075200K
  class space    used 3796K, capacity 4099K, committed 4224K, reserved 1048576K
}
Event: 22.743 GC heap before
{Heap before GC invocations=10 (full 1):
 PSYoungGen      total 257536K, used 257140K [0x00000000d5f00000, 0x00000000e6700000, 0x0000000100000000)
  eden space 247808K, 100% used [0x00000000d5f00000,0x00000000e5100000,0x00000000e5100000)
  from space 9728K, 95% used [0x00000000e5d80000,0x00000000e669d1b8,0x00000000e6700000)
  to   space 10752K, 0% used [0x00000000e5200000,0x00000000e5200000,0x00000000e5c80000)
 ParOldGen       total 49664K, used 7643K [0x0000000081c00000, 0x0000000084c80000, 0x00000000d5f00000)
  object space 49664K, 15% used [0x0000000081c00000,0x0000000082376d18,0x0000000084c80000)
 Metaspace       used 28042K, capacity 29386K, committed 29568K, reserved 1075200K
  class space    used 3822K, capacity 4133K, committed 4224K, reserved 1048576K
Event: 22.787 GC heap after
Heap after GC invocations=10 (full 1):
 PSYoungGen      total 259584K, used 10720K [0x00000000d5f00000, 0x00000000ef880000, 0x0000000100000000)
  eden space 248832K, 0% used [0x00000000d5f00000,0x00000000d5f00000,0x00000000e5200000)
  from space 10752K, 99% used [0x00000000e5200000,0x00000000e5c782d0,0x00000000e5c80000)
  to   space 22528K, 0% used [0x00000000ee280000,0x00000000ee280000,0x00000000ef880000)
 ParOldGen       total 49664K, used 34535K [0x0000000081c00000, 0x0000000084c80000, 0x00000000d5f00000)
  object space 49664K, 69% used [0x0000000081c00000,0x0000000083db9d18,0x0000000084c80000)
 Metaspace       used 28042K, capacity 29386K, committed 29568K, reserved 1075200K
  class space    used 3822K, capacity 4133K, committed 4224K, reserved 1048576K
}
Event: 30.137 GC heap before
{Heap before GC invocations=11 (full 1):
 PSYoungGen      total 259584K, used 259552K [0x00000000d5f00000, 0x00000000ef880000, 0x0000000100000000)
  eden space 248832K, 100% used [0x00000000d5f00000,0x00000000e5200000,0x00000000e5200000)
  from space 10752K, 99% used [0x00000000e5200000,0x00000000e5c782d0,0x00000000e5c80000)
  to   space 22528K, 0% used [0x00000000ee280000,0x00000000ee280000,0x00000000ef880000)
 ParOldGen       total 49664K, used 34535K [0x0000000081c00000, 0x0000000084c80000, 0x00000000d5f00000)
  object space 49664K, 69% used [0x0000000081c00000,0x0000000083db9d18,0x0000000084c80000)
 Metaspace       used 28121K, capacity 29482K, committed 29568K, reserved 1075200K
  class space    used 3850K, capacity 4165K, committed 4224K, reserved 1048576K
Event: 30.205 GC heap after
Heap after GC invocations=11 (full 1):
 PSYoungGen      total 382464K, used 22510K [0x00000000d5f00000, 0x00000000f1400000, 0x0000000100000000)
  eden space 359936K, 0% used [0x00000000d5f00000,0x00000000d5f00000,0x00000000ebe80000)
  from space 22528K, 99% used [0x00000000ee280000,0x00000000ef87b8a8,0x00000000ef880000)
  to   space 36864K, 0% used [0x00000000ebe80000,0x00000000ebe80000,0x00000000ee280000)
 ParOldGen       total 65024K, used 64645K [0x0000000081c00000, 0x0000000085b80000, 0x00000000d5f00000)
  object space 65024K, 99% used [0x0000000081c00000,0x0000000085b21718,0x0000000085b80000)
 Metaspace       used 28121K, capacity 29482K, committed 29568K, reserved 1075200K
  class space    used 3850K, capacity 4165K, committed 4224K, reserved 1048576K
}
Event: 30.205 GC heap before
{Heap before GC invocations=12 (full 2):
 PSYoungGen      total 382464K, used 22510K [0x00000000d5f00000, 0x00000000f1400000, 0x0000000100000000)
  eden space 359936K, 0% used [0x00000000d5f00000,0x00000000d5f00000,0x00000000ebe80000)
  from space 22528K, 99% used [0x00000000ee280000,0x00000000ef87b8a8,0x00000000ef880000)
  to   space 36864K, 0% used [0x00000000ebe80000,0x00000000ebe80000,0x00000000ee280000)
 ParOldGen       total 65024K, used 64645K [0x0000000081c00000, 0x0000000085b80000, 0x00000000d5f00000)
  object space 65024K, 99% used [0x0000000081c00000,0x0000000085b21718,0x0000000085b80000)
 Metaspace       used 28121K, capacity 29482K, committed 29568K, reserved 1075200K
  class space    used 3850K, capacity 4165K, committed 4224K, reserved 1048576K
Event: 30.377 GC heap after
Heap after GC invocations=12 (full 2):
 PSYoungGen      total 382464K, used 0K [0x00000000d5f00000, 0x00000000f1400000, 0x0000000100000000)
  eden space 359936K, 0% used [0x00000000d5f00000,0x00000000d5f00000,0x00000000ebe80000)
  from space 22528K, 0% used [0x00000000ee280000,0x00000000ee280000,0x00000000ef880000)
  to   space 36864K, 0% used [0x00000000ebe80000,0x00000000ebe80000,0x00000000ee280000)
 ParOldGen       total 65024K, used 59244K [0x0000000081c00000, 0x0000000085b80000, 0x00000000d5f00000)
  object space 65024K, 91% used [0x0000000081c00000,0x00000000855db1d0,0x0000000085b80000)
 Metaspace       used 28121K, capacity 29482K, committed 29568K, reserved 1075200K
  class space    used 3850K, capacity 4165K, committed 4224K, reserved 1048576K
}

