# JRE version: Java(TM) SE Runtime Environment (8.0_221-b11) (build 1.8.0_221-b11)
# Java VM: Java HotSpot(TM) 64-Bit Server VM (25.221-b11 mixed mode windows-amd64 compressed oops)
Heap:
 PSYoungGen      total 493056K, used 39934K [0x00000000d5f00000, 0x00000000fcb00000, 0x0000000100000000)
  eden space 461824K, 4% used [0x00000000d5f00000,0x00000000d7485190,0x00000000f2200000)
  from space 31232K, 57% used [0x00000000f4300000,0x00000000f547a968,0x00000000f6180000)
  to   space 33792K, 0% used [0x00000000f2200000,0x00000000f2200000,0x00000000f4300000)
 ParOldGen       total 179712K, used 47922K [0x0000000081c00000, 0x000000008cb80000, 0x00000000d5f00000)
  object space 179712K, 26% used [0x0000000081c00000,0x0000000084acca68,0x000000008cb80000)
 Metaspace       used 71492K, capacity 74956K, committed 75072K, reserved 1114112K
  class space    used 9138K, capacity 9752K, committed 9816K, reserved 1048576K
GC Heap History (10 events):
Event: 34.693 GC heap before
{Heap before GC invocations=16 (full 3):
 PSYoungGen      total 387584K, used 382666K [0x00000000d5f00000, 0x00000000f0600000, 0x0000000100000000)
  eden space 368640K, 100% used [0x00000000d5f00000,0x00000000ec700000,0x00000000ec700000)
  from space 18944K, 74% used [0x00000000ef380000,0x00000000f0132910,0x00000000f0600000)
  to   space 32256K, 0% used [0x00000000ec700000,0x00000000ec700000,0x00000000ee680000)
 ParOldGen       total 171008K, used 65236K [0x0000000081c00000, 0x000000008c300000, 0x00000000d5f00000)
  object space 171008K, 38% used [0x0000000081c00000,0x0000000085bb5320,0x000000008c300000)
 Metaspace       used 50241K, capacity 52644K, committed 52952K, reserved 1095680K
  class space    used 6593K, capacity 7048K, committed 7128K, reserved 1048576K
Event: 34.721 GC heap after
Heap after GC invocations=16 (full 3):
 PSYoungGen      total 400896K, used 19146K [0x00000000d5f00000, 0x00000000f6280000, 0x0000000100000000)
  eden space 368640K, 0% used [0x00000000d5f00000,0x00000000d5f00000,0x00000000ec700000)
  from space 32256K, 59% used [0x00000000ec700000,0x00000000ed9b2b80,0x00000000ee680000)
  to   space 32256K, 0% used [0x00000000f4300000,0x00000000f4300000,0x00000000f6280000)
 ParOldGen       total 171008K, used 65244K [0x0000000081c00000, 0x000000008c300000, 0x00000000d5f00000)
  object space 171008K, 38% used [0x0000000081c00000,0x0000000085bb7320,0x000000008c300000)
 Metaspace       used 50241K, capacity 52644K, committed 52952K, reserved 1095680K
  class space    used 6593K, capacity 7048K, committed 7128K, reserved 1048576K
}
Event: 38.462 GC heap before
{Heap before GC invocations=17 (full 3):
 PSYoungGen      total 400896K, used 387786K [0x00000000d5f00000, 0x00000000f6280000, 0x0000000100000000)
  eden space 368640K, 100% used [0x00000000d5f00000,0x00000000ec700000,0x00000000ec700000)
  from space 32256K, 59% used [0x00000000ec700000,0x00000000ed9b2b80,0x00000000ee680000)
  to   space 32256K, 0% used [0x00000000f4300000,0x00000000f4300000,0x00000000f6280000)
 ParOldGen       total 171008K, used 65244K [0x0000000081c00000, 0x000000008c300000, 0x00000000d5f00000)
  object space 171008K, 38% used [0x0000000081c00000,0x0000000085bb7320,0x000000008c300000)
 Metaspace       used 52647K, capacity 55286K, committed 55512K, reserved 1097728K
  class space    used 6847K, capacity 7339K, committed 7384K, reserved 1048576K
Event: 38.487 GC heap after
Heap after GC invocations=17 (full 3):
 PSYoungGen      total 493568K, used 18532K [0x00000000d5f00000, 0x00000000f6180000, 0x0000000100000000)
  eden space 462336K, 0% used [0x00000000d5f00000,0x00000000d5f00000,0x00000000f2280000)
  from space 31232K, 59% used [0x00000000f4300000,0x00000000f55191f0,0x00000000f6180000)
  to   space 32256K, 0% used [0x00000000f2280000,0x00000000f2280000,0x00000000f4200000)
 ParOldGen       total 171008K, used 65252K [0x0000000081c00000, 0x000000008c300000, 0x00000000d5f00000)
  object space 171008K, 38% used [0x0000000081c00000,0x0000000085bb9320,0x000000008c300000)
 Metaspace       used 52647K, capacity 55286K, committed 55512K, reserved 1097728K
  class space    used 6847K, capacity 7339K, committed 7384K, reserved 1048576K
}
Event: 41.358 GC heap before
{Heap before GC invocations=18 (full 3):
 PSYoungGen      total 493568K, used 244419K [0x00000000d5f00000, 0x00000000f6180000, 0x0000000100000000)
  eden space 462336K, 48% used [0x00000000d5f00000,0x00000000e3b97c88,0x00000000f2280000)
  from space 31232K, 59% used [0x00000000f4300000,0x00000000f55191f0,0x00000000f6180000)
  to   space 32256K, 0% used [0x00000000f2280000,0x00000000f2280000,0x00000000f4200000)
 ParOldGen       total 171008K, used 65252K [0x0000000081c00000, 0x000000008c300000, 0x00000000d5f00000)
  object space 171008K, 38% used [0x0000000081c00000,0x0000000085bb9320,0x000000008c300000)
 Metaspace       used 58901K, capacity 61910K, committed 62016K, reserved 1103872K
  class space    used 7414K, capacity 7963K, committed 8024K, reserved 1048576K
Event: 41.391 GC heap after
Heap after GC invocations=18 (full 3):
 PSYoungGen      total 494592K, used 25807K [0x00000000d5f00000, 0x00000000f6180000, 0x0000000100000000)
  eden space 462336K, 0% used [0x00000000d5f00000,0x00000000d5f00000,0x00000000f2280000)
  from space 32256K, 80% used [0x00000000f2280000,0x00000000f3bb3ff0,0x00000000f4200000)
  to   space 31232K, 0% used [0x00000000f4300000,0x00000000f4300000,0x00000000f6180000)
 ParOldGen       total 171008K, used 65260K [0x0000000081c00000, 0x000000008c300000, 0x00000000d5f00000)
  object space 171008K, 38% used [0x0000000081c00000,0x0000000085bbb320,0x000000008c300000)
 Metaspace       used 58901K, capacity 61910K, committed 62016K, reserved 1103872K
  class space    used 7414K, capacity 7963K, committed 8024K, reserved 1048576K
}
Event: 41.391 GC heap before
{Heap before GC invocations=19 (full 4):
 PSYoungGen      total 494592K, used 25807K [0x00000000d5f00000, 0x00000000f6180000, 0x0000000100000000)
  eden space 462336K, 0% used [0x00000000d5f00000,0x00000000d5f00000,0x00000000f2280000)
  from space 32256K, 80% used [0x00000000f2280000,0x00000000f3bb3ff0,0x00000000f4200000)
  to   space 31232K, 0% used [0x00000000f4300000,0x00000000f4300000,0x00000000f6180000)
 ParOldGen       total 171008K, used 65260K [0x0000000081c00000, 0x000000008c300000, 0x00000000d5f00000)
  object space 171008K, 38% used [0x0000000081c00000,0x0000000085bbb320,0x000000008c300000)
 Metaspace       used 58901K, capacity 61910K, committed 62016K, reserved 1103872K
  class space    used 7414K, capacity 7963K, committed 8024K, reserved 1048576K
Event: 41.559 GC heap after
Heap after GC invocations=19 (full 4):
 PSYoungGen      total 494592K, used 0K [0x00000000d5f00000, 0x00000000f6180000, 0x0000000100000000)
  eden space 462336K, 0% used [0x00000000d5f00000,0x00000000d5f00000,0x00000000f2280000)
  from space 32256K, 0% used [0x00000000f2280000,0x00000000f2280000,0x00000000f4200000)
  to   space 31232K, 0% used [0x00000000f4300000,0x00000000f4300000,0x00000000f6180000)
 ParOldGen       total 179712K, used 47914K [0x0000000081c00000, 0x000000008cb80000, 0x00000000d5f00000)
  object space 179712K, 26% used [0x0000000081c00000,0x0000000084acaa68,0x000000008cb80000)
 Metaspace       used 58777K, capacity 61712K, committed 62016K, reserved 1103872K
  class space    used 7395K, capacity 7930K, committed 8024K, reserved 1048576K
}
Event: 141.895 GC heap before
{Heap before GC invocations=20 (full 4):
 PSYoungGen      total 494592K, used 462336K [0x00000000d5f00000, 0x00000000f6180000, 0x0000000100000000)
  eden space 462336K, 100% used [0x00000000d5f00000,0x00000000f2280000,0x00000000f2280000)
  from space 32256K, 0% used [0x00000000f2280000,0x00000000f2280000,0x00000000f4200000)
  to   space 31232K, 0% used [0x00000000f4300000,0x00000000f4300000,0x00000000f6180000)
 ParOldGen       total 179712K, used 47914K [0x0000000081c00000, 0x000000008cb80000, 0x00000000d5f00000)
  object space 179712K, 26% used [0x0000000081c00000,0x0000000084acaa68,0x000000008cb80000)
 Metaspace       used 70630K, capacity 74040K, committed 74176K, reserved 1114112K
  class space    used 9032K, capacity 9646K, committed 9688K, reserved 1048576K
Event: 141.923 GC heap after
Heap after GC invocations=20 (full 4):
 PSYoungGen      total 493056K, used 17898K [0x00000000d5f00000, 0x00000000fcb00000, 0x0000000100000000)
  eden space 461824K, 0% used [0x00000000d5f00000,0x00000000d5f00000,0x00000000f2200000)
  from space 31232K, 57% used [0x00000000f4300000,0x00000000f547a968,0x00000000f6180000)
  to   space 33792K, 0% used [0x00000000f2200000,0x00000000f2200000,0x00000000f4300000)
 ParOldGen       total 179712K, used 47922K [0x0000000081c00000, 0x000000008cb80000, 0x00000000d5f00000)
  object space 179712K, 26% used [0x0000000081c00000,0x0000000084acca68,0x000000008cb80000)
 Metaspace       used 70630K, capacity 74040K, committed 74176K, reserved 1114112K
  class space    used 9032K, capacity 9646K, committed 9688K, reserved 1048576K
}

